{"meta": {"format": 3, "version": "7.8.2", "timestamp": "2025-06-08T20:51:49.689815", "branch_coverage": false, "show_contexts": false}, "files": {"app.py": {"executed_lines": [1, 8, 9, 10, 11, 12, 13, 16, 17, 18, 19, 20, 21, 24, 27, 36, 39, 40, 41, 43, 44, 47, 48, 49, 50, 52, 59, 77, 78, 85, 87, 88, 95, 96, 99, 105, 107, 108, 109, 110, 111, 112, 115, 125, 126, 128, 130, 131, 132, 134, 135, 136, 141, 143, 144, 148, 150, 151, 152, 153, 154, 155, 158, 169, 170, 172, 174, 175, 180, 181, 184, 190, 192, 193, 194, 195, 196, 197, 200, 211, 212, 214, 216, 217, 222, 223, 226, 232, 234, 235, 236, 237, 238, 239, 242, 244, 245, 247, 248, 249, 250, 251, 252, 253, 255, 256, 257, 258, 260, 268, 271, 273, 274, 276, 277, 278, 279, 280, 281, 283, 290, 293, 295, 296, 298, 299, 300, 301, 302, 303, 305, 312, 316, 318, 319, 320, 321, 322, 324, 326, 327, 328, 329, 331, 332, 333, 335, 337, 338, 339, 340, 341, 343, 345, 346, 347, 348, 349, 353, 423], "summary": {"covered_lines": 159, "num_statements": 207, "percent_covered": 76.81159420289855, "percent_covered_display": "77", "missing_lines": 48, "excluded_lines": 0}, "missing_lines": [54, 55, 56, 356, 357, 358, 360, 361, 362, 363, 365, 366, 367, 369, 370, 372, 378, 379, 380, 381, 383, 389, 390, 391, 392, 393, 395, 401, 402, 403, 404, 405, 407, 413, 414, 420, 424, 426, 427, 430, 434, 435, 438, 444, 446, 448, 449, 450], "excluded_lines": [], "functions": {"search_openalex_papers": {"executed_lines": [77, 78, 85, 87, 88, 95, 96, 99, 105, 107, 108, 109, 110, 111, 112], "summary": {"covered_lines": 15, "num_statements": 15, "percent_covered": 100.0, "percent_covered_display": "100", "missing_lines": 0, "excluded_lines": 0}, "missing_lines": [], "excluded_lines": []}, "get_publication_by_doi": {"executed_lines": [125, 126, 128, 130, 131, 132, 134, 135, 136, 141, 143, 144, 148, 150, 151, 152, 153, 154, 155], "summary": {"covered_lines": 19, "num_statements": 19, "percent_covered": 100.0, "percent_covered_display": "100", "missing_lines": 0, "excluded_lines": 0}, "missing_lines": [], "excluded_lines": []}, "search_openalex_authors": {"executed_lines": [169, 170, 172, 174, 175, 180, 181, 184, 190, 192, 193, 194, 195, 196, 197], "summary": {"covered_lines": 15, "num_statements": 15, "percent_covered": 100.0, "percent_covered_display": "100", "missing_lines": 0, "excluded_lines": 0}, "missing_lines": [], "excluded_lines": []}, "search_openalex_concepts": {"executed_lines": [211, 212, 214, 216, 217, 222, 223, 226, 232, 234, 235, 236, 237, 238, 239], "summary": {"covered_lines": 15, "num_statements": 15, "percent_covered": 100.0, "percent_covered_display": "100", "missing_lines": 0, "excluded_lines": 0}, "missing_lines": [], "excluded_lines": []}, "format_paper_results": {"executed_lines": [244, 245, 247, 248, 249, 250, 251, 252, 253, 255, 256, 257, 258, 260, 268], "summary": {"covered_lines": 15, "num_statements": 15, "percent_covered": 100.0, "percent_covered_display": "100", "missing_lines": 0, "excluded_lines": 0}, "missing_lines": [], "excluded_lines": []}, "format_author_results": {"executed_lines": [273, 274, 276, 277, 278, 279, 280, 281, 283, 290], "summary": {"covered_lines": 10, "num_statements": 10, "percent_covered": 100.0, "percent_covered_display": "100", "missing_lines": 0, "excluded_lines": 0}, "missing_lines": [], "excluded_lines": []}, "format_concept_results": {"executed_lines": [295, 296, 298, 299, 300, 301, 302, 303, 305, 312], "summary": {"covered_lines": 10, "num_statements": 10, "percent_covered": 100.0, "percent_covered_display": "100", "missing_lines": 0, "excluded_lines": 0}, "missing_lines": [], "excluded_lines": []}, "search_papers_ui": {"executed_lines": [318, 319, 320, 321, 322], "summary": {"covered_lines": 5, "num_statements": 5, "percent_covered": 100.0, "percent_covered_display": "100", "missing_lines": 0, "excluded_lines": 0}, "missing_lines": [], "excluded_lines": []}, "get_paper_by_doi_ui": {"executed_lines": [326, 327, 328, 329, 331, 332, 333], "summary": {"covered_lines": 7, "num_statements": 7, "percent_covered": 100.0, "percent_covered_display": "100", "missing_lines": 0, "excluded_lines": 0}, "missing_lines": [], "excluded_lines": []}, "search_authors_ui": {"executed_lines": [337, 338, 339, 340, 341], "summary": {"covered_lines": 5, "num_statements": 5, "percent_covered": 100.0, "percent_covered_display": "100", "missing_lines": 0, "excluded_lines": 0}, "missing_lines": [], "excluded_lines": []}, "search_concepts_ui": {"executed_lines": [345, 346, 347, 348, 349], "summary": {"covered_lines": 5, "num_statements": 5, "percent_covered": 100.0, "percent_covered_display": "100", "missing_lines": 0, "excluded_lines": 0}, "missing_lines": [], "excluded_lines": []}, "create_gradio_interface": {"executed_lines": [], "summary": {"covered_lines": 0, "num_statements": 33, "percent_covered": 0.0, "percent_covered_display": "0", "missing_lines": 33, "excluded_lines": 0}, "missing_lines": [356, 357, 358, 360, 361, 362, 363, 365, 366, 367, 369, 370, 372, 378, 379, 380, 381, 383, 389, 390, 391, 392, 393, 395, 401, 402, 403, 404, 405, 407, 413, 414, 420], "excluded_lines": []}, "": {"executed_lines": [1, 8, 9, 10, 11, 12, 13, 16, 17, 18, 19, 20, 21, 24, 27, 36, 39, 40, 41, 43, 44, 47, 48, 49, 50, 52, 59, 115, 158, 200, 242, 271, 293, 316, 324, 335, 343, 353, 423], "summary": {"covered_lines": 38, "num_statements": 53, "percent_covered": 71.69811320754717, "percent_covered_display": "72", "missing_lines": 15, "excluded_lines": 0}, "missing_lines": [54, 55, 56, 424, 426, 427, 430, 434, 435, 438, 444, 446, 448, 449, 450], "excluded_lines": []}}, "classes": {"": {"executed_lines": [1, 8, 9, 10, 11, 12, 13, 16, 17, 18, 19, 20, 21, 24, 27, 36, 39, 40, 41, 43, 44, 47, 48, 49, 50, 52, 59, 77, 78, 85, 87, 88, 95, 96, 99, 105, 107, 108, 109, 110, 111, 112, 115, 125, 126, 128, 130, 131, 132, 134, 135, 136, 141, 143, 144, 148, 150, 151, 152, 153, 154, 155, 158, 169, 170, 172, 174, 175, 180, 181, 184, 190, 192, 193, 194, 195, 196, 197, 200, 211, 212, 214, 216, 217, 222, 223, 226, 232, 234, 235, 236, 237, 238, 239, 242, 244, 245, 247, 248, 249, 250, 251, 252, 253, 255, 256, 257, 258, 260, 268, 271, 273, 274, 276, 277, 278, 279, 280, 281, 283, 290, 293, 295, 296, 298, 299, 300, 301, 302, 303, 305, 312, 316, 318, 319, 320, 321, 322, 324, 326, 327, 328, 329, 331, 332, 333, 335, 337, 338, 339, 340, 341, 343, 345, 346, 347, 348, 349, 353, 423], "summary": {"covered_lines": 159, "num_statements": 207, "percent_covered": 76.81159420289855, "percent_covered_display": "77", "missing_lines": 48, "excluded_lines": 0}, "missing_lines": [54, 55, 56, 356, 357, 358, 360, 361, 362, 363, 365, 366, 367, 369, 370, 372, 378, 379, 380, 381, 383, 389, 390, 391, 392, 393, 395, 401, 402, 403, 404, 405, 407, 413, 414, 420, 424, 426, 427, 430, 434, 435, 438, 444, 446, 448, 449, 450], "excluded_lines": []}}}, "openalex_modules/__init__.py": {"executed_lines": [1, 8], "summary": {"covered_lines": 1, "num_statements": 1, "percent_covered": 100.0, "percent_covered_display": "100", "missing_lines": 0, "excluded_lines": 0}, "missing_lines": [], "excluded_lines": [], "functions": {"": {"executed_lines": [1, 8], "summary": {"covered_lines": 1, "num_statements": 1, "percent_covered": 100.0, "percent_covered_display": "100", "missing_lines": 0, "excluded_lines": 0}, "missing_lines": [], "excluded_lines": []}}, "classes": {"": {"executed_lines": [1, 8], "summary": {"covered_lines": 1, "num_statements": 1, "percent_covered": 100.0, "percent_covered_display": "100", "missing_lines": 0, "excluded_lines": 0}, "missing_lines": [], "excluded_lines": []}}}, "openalex_modules/openalex_author_retriever.py": {"executed_lines": [1, 7, 8, 9, 10, 12, 15, 16, 18, 25, 27, 44, 46, 47, 48, 51, 56, 57, 59, 60, 61, 62, 64, 65, 67, 68, 69, 71, 81, 83, 86, 91, 92, 93, 94, 96, 97, 98, 100, 110, 112, 118, 119, 120, 121, 123, 124, 125, 127, 137, 139, 150, 151, 152, 159, 162, 165, 166, 167, 168, 176, 177, 178, 180, 181, 182, 183, 184, 187, 190, 191, 192, 193, 194, 196, 206, 216, 218, 219, 222, 225, 228, 229, 236, 237, 238, 240], "summary": {"covered_lines": 85, "num_statements": 93, "percent_covered": 91.39784946236558, "percent_covered_display": "91", "missing_lines": 8, "excluded_lines": 0}, "missing_lines": [198, 199, 200, 223, 230, 231, 232, 233], "excluded_lines": [], "functions": {"OpenAlexAuthorRetriever.__init__": {"executed_lines": [25], "summary": {"covered_lines": 1, "num_statements": 1, "percent_covered": 100.0, "percent_covered_display": "100", "missing_lines": 0, "excluded_lines": 0}, "missing_lines": [], "excluded_lines": []}, "OpenAlexAuthorRetriever.search_authors": {"executed_lines": [44, 46, 47, 48, 51, 56, 57, 59, 60, 61, 62, 64, 65, 67, 68, 69], "summary": {"covered_lines": 16, "num_statements": 16, "percent_covered": 100.0, "percent_covered_display": "100", "missing_lines": 0, "excluded_lines": 0}, "missing_lines": [], "excluded_lines": []}, "OpenAlexAuthorRetriever.get_by_orcid": {"executed_lines": [81, 83, 86, 91, 92, 93, 94, 96, 97, 98], "summary": {"covered_lines": 10, "num_statements": 10, "percent_covered": 100.0, "percent_covered_display": "100", "missing_lines": 0, "excluded_lines": 0}, "missing_lines": [], "excluded_lines": []}, "OpenAlexAuthorRetriever.get_by_openalex_id": {"executed_lines": [110, 112, 118, 119, 120, 121, 123, 124, 125], "summary": {"covered_lines": 9, "num_statements": 9, "percent_covered": 100.0, "percent_covered_display": "100", "missing_lines": 0, "excluded_lines": 0}, "missing_lines": [], "excluded_lines": []}, "OpenAlexAuthorRetriever._process_author_data": {"executed_lines": [137, 139, 150, 151, 152, 159, 162, 165, 166, 167, 168, 176, 177, 178, 180, 181, 182, 183, 184, 187, 190, 191, 192, 193, 194, 196], "summary": {"covered_lines": 26, "num_statements": 29, "percent_covered": 89.65517241379311, "percent_covered_display": "90", "missing_lines": 3, "excluded_lines": 0}, "missing_lines": [198, 199, 200], "excluded_lines": []}, "OpenAlexAuthorRetriever._calculate_author_metrics": {"executed_lines": [216, 218, 219, 222, 225, 228, 229, 236, 237, 238, 240], "summary": {"covered_lines": 11, "num_statements": 16, "percent_covered": 68.75, "percent_covered_display": "69", "missing_lines": 5, "excluded_lines": 0}, "missing_lines": [223, 230, 231, 232, 233], "excluded_lines": []}, "": {"executed_lines": [1, 7, 8, 9, 10, 12, 15, 16, 18, 27, 71, 100, 127, 206], "summary": {"covered_lines": 12, "num_statements": 12, "percent_covered": 100.0, "percent_covered_display": "100", "missing_lines": 0, "excluded_lines": 0}, "missing_lines": [], "excluded_lines": []}}, "classes": {"OpenAlexAuthorRetriever": {"executed_lines": [25, 44, 46, 47, 48, 51, 56, 57, 59, 60, 61, 62, 64, 65, 67, 68, 69, 81, 83, 86, 91, 92, 93, 94, 96, 97, 98, 110, 112, 118, 119, 120, 121, 123, 124, 125, 137, 139, 150, 151, 152, 159, 162, 165, 166, 167, 168, 176, 177, 178, 180, 181, 182, 183, 184, 187, 190, 191, 192, 193, 194, 196, 216, 218, 219, 222, 225, 228, 229, 236, 237, 238, 240], "summary": {"covered_lines": 73, "num_statements": 81, "percent_covered": 90.12345679012346, "percent_covered_display": "90", "missing_lines": 8, "excluded_lines": 0}, "missing_lines": [198, 199, 200, 223, 230, 231, 232, 233], "excluded_lines": []}, "": {"executed_lines": [1, 7, 8, 9, 10, 12, 15, 16, 18, 27, 71, 100, 127, 206], "summary": {"covered_lines": 12, "num_statements": 12, "percent_covered": 100.0, "percent_covered_display": "100", "missing_lines": 0, "excluded_lines": 0}, "missing_lines": [], "excluded_lines": []}}}, "openalex_modules/openalex_concept_retriever.py": {"executed_lines": [1, 7, 8, 9, 10, 12, 15, 16, 18, 25, 27, 44, 46, 51, 52, 54, 56, 57, 59, 60, 61, 63, 64, 66, 67, 68, 70, 80, 82, 88, 89, 90, 91, 93, 94, 95, 97, 107, 108, 109, 110, 112, 118, 124, 134, 136, 148, 149, 152, 153, 154, 155, 162, 163, 164, 165, 173, 174, 175, 177, 178, 179, 180, 181, 184, 187, 188, 189, 193, 203, 213, 215, 216, 219, 220, 222, 225, 226, 227, 228, 231, 244, 245, 247], "summary": {"covered_lines": 82, "num_statements": 97, "percent_covered": 84.5360824742268, "percent_covered_display": "85", "missing_lines": 15, "excluded_lines": 0}, "missing_lines": [120, 121, 122, 190, 191, 195, 196, 197, 232, 233, 235, 236, 238, 239, 241], "excluded_lines": [], "functions": {"OpenAlexConceptRetriever.__init__": {"executed_lines": [25], "summary": {"covered_lines": 1, "num_statements": 1, "percent_covered": 100.0, "percent_covered_display": "100", "missing_lines": 0, "excluded_lines": 0}, "missing_lines": [], "excluded_lines": []}, "OpenAlexConceptRetriever.search_concepts": {"executed_lines": [44, 46, 51, 52, 54, 56, 57, 59, 60, 61, 63, 64, 66, 67, 68], "summary": {"covered_lines": 15, "num_statements": 15, "percent_covered": 100.0, "percent_covered_display": "100", "missing_lines": 0, "excluded_lines": 0}, "missing_lines": [], "excluded_lines": []}, "OpenAlexConceptRetriever.get_by_openalex_id": {"executed_lines": [80, 82, 88, 89, 90, 91, 93, 94, 95], "summary": {"covered_lines": 9, "num_statements": 9, "percent_covered": 100.0, "percent_covered_display": "100", "missing_lines": 0, "excluded_lines": 0}, "missing_lines": [], "excluded_lines": []}, "OpenAlexConceptRetriever.get_concept_hierarchy": {"executed_lines": [107, 108, 109, 110, 112, 118], "summary": {"covered_lines": 6, "num_statements": 9, "percent_covered": 66.66666666666667, "percent_covered_display": "67", "missing_lines": 3, "excluded_lines": 0}, "missing_lines": [120, 121, 122], "excluded_lines": []}, "OpenAlexConceptRetriever._process_concept_data": {"executed_lines": [134, 136, 148, 149, 152, 153, 154, 155, 162, 163, 164, 165, 173, 174, 175, 177, 178, 179, 180, 181, 184, 187, 188, 189, 193], "summary": {"covered_lines": 25, "num_statements": 30, "percent_covered": 83.33333333333333, "percent_covered_display": "83", "missing_lines": 5, "excluded_lines": 0}, "missing_lines": [190, 191, 195, 196, 197], "excluded_lines": []}, "OpenAlexConceptRetriever._calculate_concept_metrics": {"executed_lines": [213, 215, 216, 219, 220, 222, 225, 226, 227, 228, 231, 244, 245, 247], "summary": {"covered_lines": 14, "num_statements": 21, "percent_covered": 66.66666666666667, "percent_covered_display": "67", "missing_lines": 7, "excluded_lines": 0}, "missing_lines": [232, 233, 235, 236, 238, 239, 241], "excluded_lines": []}, "": {"executed_lines": [1, 7, 8, 9, 10, 12, 15, 16, 18, 27, 70, 97, 124, 203], "summary": {"covered_lines": 12, "num_statements": 12, "percent_covered": 100.0, "percent_covered_display": "100", "missing_lines": 0, "excluded_lines": 0}, "missing_lines": [], "excluded_lines": []}}, "classes": {"OpenAlexConceptRetriever": {"executed_lines": [25, 44, 46, 51, 52, 54, 56, 57, 59, 60, 61, 63, 64, 66, 67, 68, 80, 82, 88, 89, 90, 91, 93, 94, 95, 107, 108, 109, 110, 112, 118, 134, 136, 148, 149, 152, 153, 154, 155, 162, 163, 164, 165, 173, 174, 175, 177, 178, 179, 180, 181, 184, 187, 188, 189, 193, 213, 215, 216, 219, 220, 222, 225, 226, 227, 228, 231, 244, 245, 247], "summary": {"covered_lines": 70, "num_statements": 85, "percent_covered": 82.3529411764706, "percent_covered_display": "82", "missing_lines": 15, "excluded_lines": 0}, "missing_lines": [120, 121, 122, 190, 191, 195, 196, 197, 232, 233, 235, 236, 238, 239, 241], "excluded_lines": []}, "": {"executed_lines": [1, 7, 8, 9, 10, 12, 15, 16, 18, 27, 70, 97, 124, 203], "summary": {"covered_lines": 12, "num_statements": 12, "percent_covered": 100.0, "percent_covered_display": "100", "missing_lines": 0, "excluded_lines": 0}, "missing_lines": [], "excluded_lines": []}}}, "openalex_modules/openalex_publication_retriever.py": {"executed_lines": [1, 7, 8, 9, 10, 19, 22, 23, 25, 32, 34, 55, 57, 59, 61, 62, 63, 64, 65, 68, 74, 75, 77, 78, 79, 80, 82, 83, 85, 86, 87, 89, 99, 100, 101, 103, 104, 105, 107, 108, 109, 111, 121, 122, 123, 125, 126, 127, 129, 130, 131, 133, 143, 145, 158, 159, 160, 162, 165, 166, 167, 168, 169, 177, 178, 179, 185, 188, 191, 192, 193, 194, 195, 203, 211, 212, 213, 216, 219, 221], "summary": {"covered_lines": 78, "num_statements": 81, "percent_covered": 96.29629629629629, "percent_covered_display": "96", "missing_lines": 3, "excluded_lines": 0}, "missing_lines": [223, 224, 225], "excluded_lines": [], "functions": {"OpenAlexPublicationRetriever.__init__": {"executed_lines": [32], "summary": {"covered_lines": 1, "num_statements": 1, "percent_covered": 100.0, "percent_covered_display": "100", "missing_lines": 0, "excluded_lines": 0}, "missing_lines": [], "excluded_lines": []}, "OpenAlexPublicationRetriever.search_publications": {"executed_lines": [55, 57, 59, 61, 62, 63, 64, 65, 68, 74, 75, 77, 78, 79, 80, 82, 83, 85, 86, 87], "summary": {"covered_lines": 20, "num_statements": 20, "percent_covered": 100.0, "percent_covered_display": "100", "missing_lines": 0, "excluded_lines": 0}, "missing_lines": [], "excluded_lines": []}, "OpenAlexPublicationRetriever.get_by_doi": {"executed_lines": [99, 100, 101, 103, 104, 105, 107, 108, 109], "summary": {"covered_lines": 9, "num_statements": 9, "percent_covered": 100.0, "percent_covered_display": "100", "missing_lines": 0, "excluded_lines": 0}, "missing_lines": [], "excluded_lines": []}, "OpenAlexPublicationRetriever.get_by_openalex_id": {"executed_lines": [121, 122, 123, 125, 126, 127, 129, 130, 131], "summary": {"covered_lines": 9, "num_statements": 9, "percent_covered": 100.0, "percent_covered_display": "100", "missing_lines": 0, "excluded_lines": 0}, "missing_lines": [], "excluded_lines": []}, "OpenAlexPublicationRetriever._process_work_data": {"executed_lines": [143, 145, 158, 159, 160, 162, 165, 166, 167, 168, 169, 177, 178, 179, 185, 188, 191, 192, 193, 194, 195, 203, 211, 212, 213, 216, 219, 221], "summary": {"covered_lines": 28, "num_statements": 31, "percent_covered": 90.3225806451613, "percent_covered_display": "90", "missing_lines": 3, "excluded_lines": 0}, "missing_lines": [223, 224, 225], "excluded_lines": []}, "": {"executed_lines": [1, 7, 8, 9, 10, 19, 22, 23, 25, 34, 89, 111, 133], "summary": {"covered_lines": 11, "num_statements": 11, "percent_covered": 100.0, "percent_covered_display": "100", "missing_lines": 0, "excluded_lines": 0}, "missing_lines": [], "excluded_lines": []}}, "classes": {"OpenAlexPublicationRetriever": {"executed_lines": [32, 55, 57, 59, 61, 62, 63, 64, 65, 68, 74, 75, 77, 78, 79, 80, 82, 83, 85, 86, 87, 99, 100, 101, 103, 104, 105, 107, 108, 109, 121, 122, 123, 125, 126, 127, 129, 130, 131, 143, 145, 158, 159, 160, 162, 165, 166, 167, 168, 169, 177, 178, 179, 185, 188, 191, 192, 193, 194, 195, 203, 211, 212, 213, 216, 219, 221], "summary": {"covered_lines": 67, "num_statements": 70, "percent_covered": 95.71428571428571, "percent_covered_display": "96", "missing_lines": 3, "excluded_lines": 0}, "missing_lines": [223, 224, 225], "excluded_lines": []}, "": {"executed_lines": [1, 7, 8, 9, 10, 19, 22, 23, 25, 34, 89, 111, 133], "summary": {"covered_lines": 11, "num_statements": 11, "percent_covered": 100.0, "percent_covered_display": "100", "missing_lines": 0, "excluded_lines": 0}, "missing_lines": [], "excluded_lines": []}}}, "openalex_modules/openalex_utils.py": {"executed_lines": [1, 7, 8, 9, 11, 14, 24, 25, 27, 29, 30, 33, 34, 35, 38, 39, 46, 56, 57, 60, 61, 62, 64, 67, 77, 78, 81, 82, 85, 95, 96, 97, 100, 101, 103, 104, 105, 106, 107, 108, 110, 113, 124, 126, 127, 128, 129, 131, 134, 144, 152, 153, 154, 155, 156, 157, 158, 159, 162, 163, 164, 165, 166, 167, 168, 170, 173, 186, 187, 189, 190, 192, 196, 197, 198, 209, 211, 213, 214, 215, 217, 219, 221, 224], "summary": {"covered_lines": 83, "num_statements": 98, "percent_covered": 84.6938775510204, "percent_covered_display": "85", "missing_lines": 15, "excluded_lines": 0}, "missing_lines": [41, 42, 43, 199, 200, 201, 202, 203, 204, 206, 212, 216, 218, 220, 222], "excluded_lines": [], "functions": {"reconstruct_abstract_from_inverted_index": {"executed_lines": [24, 25, 27, 29, 30, 33, 34, 35, 38, 39], "summary": {"covered_lines": 10, "num_statements": 13, "percent_covered": 76.92307692307692, "percent_covered_display": "77", "missing_lines": 3, "excluded_lines": 0}, "missing_lines": [41, 42, 43], "excluded_lines": []}, "clean_doi": {"executed_lines": [56, 57, 60, 61, 62, 64], "summary": {"covered_lines": 6, "num_statements": 6, "percent_covered": 100.0, "percent_covered_display": "100", "missing_lines": 0, "excluded_lines": 0}, "missing_lines": [], "excluded_lines": []}, "extract_openalex_id": {"executed_lines": [77, 78, 81, 82], "summary": {"covered_lines": 4, "num_statements": 4, "percent_covered": 100.0, "percent_covered_display": "100", "missing_lines": 0, "excluded_lines": 0}, "missing_lines": [], "excluded_lines": []}, "format_author_name": {"executed_lines": [95, 96, 97, 100, 101, 103, 104, 105, 106, 107, 108, 110], "summary": {"covered_lines": 12, "num_statements": 12, "percent_covered": 100.0, "percent_covered_display": "100", "missing_lines": 0, "excluded_lines": 0}, "missing_lines": [], "excluded_lines": []}, "extract_keywords_from_concepts": {"executed_lines": [124, 126, 127, 128, 129, 131], "summary": {"covered_lines": 6, "num_statements": 6, "percent_covered": 100.0, "percent_covered_display": "100", "missing_lines": 0, "excluded_lines": 0}, "missing_lines": [], "excluded_lines": []}, "get_publication_venue": {"executed_lines": [144, 152, 153, 154, 155, 156, 157, 158, 159, 162, 163, 164, 165, 166, 167, 168, 170], "summary": {"covered_lines": 17, "num_statements": 17, "percent_covered": 100.0, "percent_covered_display": "100", "missing_lines": 0, "excluded_lines": 0}, "missing_lines": [], "excluded_lines": []}, "calculate_citation_percentile": {"executed_lines": [186, 187, 189, 190, 192, 196, 197, 198, 209, 211, 213, 214, 215, 217, 219, 221, 224], "summary": {"covered_lines": 17, "num_statements": 29, "percent_covered": 58.62068965517241, "percent_covered_display": "59", "missing_lines": 12, "excluded_lines": 0}, "missing_lines": [199, 200, 201, 202, 203, 204, 206, 212, 216, 218, 220, 222], "excluded_lines": []}, "": {"executed_lines": [1, 7, 8, 9, 11, 14, 46, 67, 85, 113, 134, 173], "summary": {"covered_lines": 11, "num_statements": 11, "percent_covered": 100.0, "percent_covered_display": "100", "missing_lines": 0, "excluded_lines": 0}, "missing_lines": [], "excluded_lines": []}}, "classes": {"": {"executed_lines": [1, 7, 8, 9, 11, 14, 24, 25, 27, 29, 30, 33, 34, 35, 38, 39, 46, 56, 57, 60, 61, 62, 64, 67, 77, 78, 81, 82, 85, 95, 96, 97, 100, 101, 103, 104, 105, 106, 107, 108, 110, 113, 124, 126, 127, 128, 129, 131, 134, 144, 152, 153, 154, 155, 156, 157, 158, 159, 162, 163, 164, 165, 166, 167, 168, 170, 173, 186, 187, 189, 190, 192, 196, 197, 198, 209, 211, 213, 214, 215, 217, 219, 221, 224], "summary": {"covered_lines": 83, "num_statements": 98, "percent_covered": 84.6938775510204, "percent_covered_display": "85", "missing_lines": 15, "excluded_lines": 0}, "missing_lines": [41, 42, 43, 199, 200, 201, 202, 203, 204, 206, 212, 216, 218, 220, 222], "excluded_lines": []}}}, "slr_modules/__init__.py": {"executed_lines": [1, 8], "summary": {"covered_lines": 1, "num_statements": 1, "percent_covered": 100.0, "percent_covered_display": "100", "missing_lines": 0, "excluded_lines": 0}, "missing_lines": [], "excluded_lines": [], "functions": {"": {"executed_lines": [1, 8], "summary": {"covered_lines": 1, "num_statements": 1, "percent_covered": 100.0, "percent_covered_display": "100", "missing_lines": 0, "excluded_lines": 0}, "missing_lines": [], "excluded_lines": []}}, "classes": {"": {"executed_lines": [1, 8], "summary": {"covered_lines": 1, "num_statements": 1, "percent_covered": 100.0, "percent_covered_display": "100", "missing_lines": 0, "excluded_lines": 0}, "missing_lines": [], "excluded_lines": []}}}, "slr_modules/api_clients.py": {"executed_lines": [1, 8, 9, 10, 11, 12, 14, 17, 18, 20, 27, 28, 29, 30, 31, 32, 35, 36, 38, 40, 46, 47, 48, 50, 52, 66, 68, 70, 72, 73, 74, 75, 76, 78, 80, 81, 82, 83, 85, 86, 87, 89, 103, 110, 111, 112, 113, 115, 117, 118, 119, 122, 124, 126, 127, 129, 131, 141, 143, 144, 146, 148, 149, 151, 152, 153, 154, 157, 171, 178, 179, 180, 181, 184, 186, 187, 189, 191, 205, 212, 213, 214, 215, 216, 220, 221, 223, 225, 235, 239], "summary": {"covered_lines": 88, "num_statements": 92, "percent_covered": 95.65217391304348, "percent_covered_display": "96", "missing_lines": 4, "excluded_lines": 0}, "missing_lines": [145, 155, 182, 218], "excluded_lines": [], "functions": {"OpenAlexAPIClient.__init__": {"executed_lines": [27, 28, 29, 30, 31, 32, 35, 36], "summary": {"covered_lines": 8, "num_statements": 8, "percent_covered": 100.0, "percent_covered_display": "100", "missing_lines": 0, "excluded_lines": 0}, "missing_lines": [], "excluded_lines": []}, "OpenAlexAPIClient._setup_headers": {"executed_lines": [40, 46, 47, 48, 50], "summary": {"covered_lines": 5, "num_statements": 5, "percent_covered": 100.0, "percent_covered_display": "100", "missing_lines": 0, "excluded_lines": 0}, "missing_lines": [], "excluded_lines": []}, "OpenAlexAPIClient._make_request": {"executed_lines": [66, 68, 70, 72, 73, 74, 75, 76, 78, 80, 81, 82, 83, 85, 86, 87], "summary": {"covered_lines": 16, "num_statements": 16, "percent_covered": 100.0, "percent_covered_display": "100", "missing_lines": 0, "excluded_lines": 0}, "missing_lines": [], "excluded_lines": []}, "OpenAlexAPIClient.search_works": {"executed_lines": [103, 110, 111, 112, 113, 115, 117, 118, 119, 122, 124, 126, 127, 129], "summary": {"covered_lines": 14, "num_statements": 14, "percent_covered": 100.0, "percent_covered_display": "100", "missing_lines": 0, "excluded_lines": 0}, "missing_lines": [], "excluded_lines": []}, "OpenAlexAPIClient.get_work_by_doi": {"executed_lines": [141, 143, 144, 146, 148, 149, 151, 152, 153, 154], "summary": {"covered_lines": 10, "num_statements": 12, "percent_covered": 83.33333333333333, "percent_covered_display": "83", "missing_lines": 2, "excluded_lines": 0}, "missing_lines": [145, 155], "excluded_lines": []}, "OpenAlexAPIClient.search_authors": {"executed_lines": [171, 178, 179, 180, 181, 184, 186, 187, 189], "summary": {"covered_lines": 9, "num_statements": 10, "percent_covered": 90.0, "percent_covered_display": "90", "missing_lines": 1, "excluded_lines": 0}, "missing_lines": [182], "excluded_lines": []}, "OpenAlexAPIClient.search_concepts": {"executed_lines": [205, 212, 213, 214, 215, 216, 220, 221, 223], "summary": {"covered_lines": 9, "num_statements": 10, "percent_covered": 90.0, "percent_covered_display": "90", "missing_lines": 1, "excluded_lines": 0}, "missing_lines": [218], "excluded_lines": []}, "OpenAlexAPIClient.get_multiple_works": {"executed_lines": [235, 239], "summary": {"covered_lines": 2, "num_statements": 2, "percent_covered": 100.0, "percent_covered_display": "100", "missing_lines": 0, "excluded_lines": 0}, "missing_lines": [], "excluded_lines": []}, "": {"executed_lines": [1, 8, 9, 10, 11, 12, 14, 17, 18, 20, 38, 52, 89, 131, 157, 191, 225], "summary": {"covered_lines": 15, "num_statements": 15, "percent_covered": 100.0, "percent_covered_display": "100", "missing_lines": 0, "excluded_lines": 0}, "missing_lines": [], "excluded_lines": []}}, "classes": {"OpenAlexAPIClient": {"executed_lines": [27, 28, 29, 30, 31, 32, 35, 36, 40, 46, 47, 48, 50, 66, 68, 70, 72, 73, 74, 75, 76, 78, 80, 81, 82, 83, 85, 86, 87, 103, 110, 111, 112, 113, 115, 117, 118, 119, 122, 124, 126, 127, 129, 141, 143, 144, 146, 148, 149, 151, 152, 153, 154, 171, 178, 179, 180, 181, 184, 186, 187, 189, 205, 212, 213, 214, 215, 216, 220, 221, 223, 235, 239], "summary": {"covered_lines": 73, "num_statements": 77, "percent_covered": 94.8051948051948, "percent_covered_display": "95", "missing_lines": 4, "excluded_lines": 0}, "missing_lines": [145, 155, 182, 218], "excluded_lines": []}, "": {"executed_lines": [1, 8, 9, 10, 11, 12, 14, 17, 18, 20, 38, 52, 89, 131, 157, 191, 225], "summary": {"covered_lines": 15, "num_statements": 15, "percent_covered": 100.0, "percent_covered_display": "100", "missing_lines": 0, "excluded_lines": 0}, "missing_lines": [], "excluded_lines": []}}}, "slr_modules/config_manager.py": {"executed_lines": [1, 8, 9, 10, 11, 13, 16, 17, 19, 26, 28, 29, 30, 32, 33, 35, 37, 38, 39, 40, 41, 42, 44, 45, 50, 61, 62, 64, 65, 66, 67, 68, 69, 71, 73, 75, 79, 83], "summary": {"covered_lines": 36, "num_statements": 42, "percent_covered": 85.71428571428571, "percent_covered_display": "86", "missing_lines": 6, "excluded_lines": 0}, "missing_lines": [46, 47, 48, 77, 81, 85], "excluded_lines": [], "functions": {"ConfigManager.__init__": {"executed_lines": [26, 28, 29, 30, 32, 33], "summary": {"covered_lines": 6, "num_statements": 6, "percent_covered": 100.0, "percent_covered_display": "100", "missing_lines": 0, "excluded_lines": 0}, "missing_lines": [], "excluded_lines": []}, "ConfigManager._load_config": {"executed_lines": [37, 38, 39, 40, 41, 42, 44, 45], "summary": {"covered_lines": 8, "num_statements": 11, "percent_covered": 72.72727272727273, "percent_covered_display": "73", "missing_lines": 3, "excluded_lines": 0}, "missing_lines": [46, 47, 48], "excluded_lines": []}, "ConfigManager.get": {"executed_lines": [61, 62, 64, 65, 66, 67, 68, 69], "summary": {"covered_lines": 8, "num_statements": 8, "percent_covered": 100.0, "percent_covered_display": "100", "missing_lines": 0, "excluded_lines": 0}, "missing_lines": [], "excluded_lines": []}, "ConfigManager.get_openalex_email": {"executed_lines": [73], "summary": {"covered_lines": 1, "num_statements": 1, "percent_covered": 100.0, "percent_covered_display": "100", "missing_lines": 0, "excluded_lines": 0}, "missing_lines": [], "excluded_lines": []}, "ConfigManager.get_openalex_config": {"executed_lines": [], "summary": {"covered_lines": 0, "num_statements": 1, "percent_covered": 0.0, "percent_covered_display": "0", "missing_lines": 1, "excluded_lines": 0}, "missing_lines": [77], "excluded_lines": []}, "ConfigManager.get_search_config": {"executed_lines": [], "summary": {"covered_lines": 0, "num_statements": 1, "percent_covered": 0.0, "percent_covered_display": "0", "missing_lines": 1, "excluded_lines": 0}, "missing_lines": [81], "excluded_lines": []}, "ConfigManager.get_app_config": {"executed_lines": [], "summary": {"covered_lines": 0, "num_statements": 1, "percent_covered": 0.0, "percent_covered_display": "0", "missing_lines": 1, "excluded_lines": 0}, "missing_lines": [85], "excluded_lines": []}, "": {"executed_lines": [1, 8, 9, 10, 11, 13, 16, 17, 19, 35, 50, 71, 75, 79, 83], "summary": {"covered_lines": 13, "num_statements": 13, "percent_covered": 100.0, "percent_covered_display": "100", "missing_lines": 0, "excluded_lines": 0}, "missing_lines": [], "excluded_lines": []}}, "classes": {"ConfigManager": {"executed_lines": [26, 28, 29, 30, 32, 33, 37, 38, 39, 40, 41, 42, 44, 45, 61, 62, 64, 65, 66, 67, 68, 69, 73], "summary": {"covered_lines": 23, "num_statements": 29, "percent_covered": 79.3103448275862, "percent_covered_display": "79", "missing_lines": 6, "excluded_lines": 0}, "missing_lines": [46, 47, 48, 77, 81, 85], "excluded_lines": []}, "": {"executed_lines": [1, 8, 9, 10, 11, 13, 16, 17, 19, 35, 50, 71, 75, 79, 83], "summary": {"covered_lines": 13, "num_statements": 13, "percent_covered": 100.0, "percent_covered_display": "100", "missing_lines": 0, "excluded_lines": 0}, "missing_lines": [], "excluded_lines": []}}}, "slr_modules/logger.py": {"executed_lines": [1, 6, 7, 8, 9, 10, 11, 12, 13, 14, 17, 18, 20, 21, 34, 35, 42, 43, 45, 48, 49, 51, 52, 55, 56, 57, 58, 59, 60, 61, 62, 63, 66, 67, 68, 69, 70, 71, 74, 75, 76, 77, 78, 80, 83, 84, 86, 87, 88, 89, 92, 93, 96, 99, 102, 110, 112, 115, 116, 117, 120, 121, 124, 125, 126, 127, 128, 131, 132, 133, 134, 137, 138, 139, 141, 143, 146, 157, 160, 161, 162, 163, 165, 171, 172, 178, 179, 180, 182, 184, 186, 193, 195, 202, 204, 213, 215, 217, 219, 221, 223, 225, 227, 231, 233, 240, 242], "summary": {"covered_lines": 103, "num_statements": 106, "percent_covered": 97.16981132075472, "percent_covered_display": "97", "missing_lines": 3, "excluded_lines": 0}, "missing_lines": [236, 237, 238], "excluded_lines": [], "functions": {"JSONFormatter.format": {"executed_lines": [21, 34, 35, 42, 43, 45], "summary": {"covered_lines": 6, "num_statements": 6, "percent_covered": 100.0, "percent_covered_display": "100", "missing_lines": 0, "excluded_lines": 0}, "missing_lines": [], "excluded_lines": []}, "XMLFormatter.format": {"executed_lines": [52, 55, 56, 57, 58, 59, 60, 61, 62, 63, 66, 67, 68, 69, 70, 71, 74, 75, 76, 77, 78, 80], "summary": {"covered_lines": 22, "num_statements": 22, "percent_covered": 100.0, "percent_covered_display": "100", "missing_lines": 0, "excluded_lines": 0}, "missing_lines": [], "excluded_lines": []}, "DailyRotatingLogger.__init__": {"executed_lines": [87, 88, 89, 92, 93, 96, 99, 102], "summary": {"covered_lines": 8, "num_statements": 8, "percent_covered": 100.0, "percent_covered_display": "100", "missing_lines": 0, "excluded_lines": 0}, "missing_lines": [], "excluded_lines": []}, "DailyRotatingLogger._setup_handlers": {"executed_lines": [112, 115, 116, 117, 120, 121, 124, 125, 126, 127, 128, 131, 132, 133, 134, 137, 138, 139, 141], "summary": {"covered_lines": 19, "num_statements": 19, "percent_covered": 100.0, "percent_covered_display": "100", "missing_lines": 0, "excluded_lines": 0}, "missing_lines": [], "excluded_lines": []}, "DailyRotatingLogger.log_request": {"executed_lines": [146], "summary": {"covered_lines": 1, "num_statements": 1, "percent_covered": 100.0, "percent_covered_display": "100", "missing_lines": 0, "excluded_lines": 0}, "missing_lines": [], "excluded_lines": []}, "DailyRotatingLogger.log_mcp_call": {"executed_lines": [160, 161, 162, 163, 165, 171, 172, 178, 179, 180, 182], "summary": {"covered_lines": 11, "num_statements": 11, "percent_covered": 100.0, "percent_covered_display": "100", "missing_lines": 0, "excluded_lines": 0}, "missing_lines": [], "excluded_lines": []}, "DailyRotatingLogger.log_startup": {"executed_lines": [186], "summary": {"covered_lines": 1, "num_statements": 1, "percent_covered": 100.0, "percent_covered_display": "100", "missing_lines": 0, "excluded_lines": 0}, "missing_lines": [], "excluded_lines": []}, "DailyRotatingLogger.log_error": {"executed_lines": [195], "summary": {"covered_lines": 1, "num_statements": 1, "percent_covered": 100.0, "percent_covered_display": "100", "missing_lines": 0, "excluded_lines": 0}, "missing_lines": [], "excluded_lines": []}, "DailyRotatingLogger.log_performance": {"executed_lines": [204], "summary": {"covered_lines": 1, "num_statements": 1, "percent_covered": 100.0, "percent_covered_display": "100", "missing_lines": 0, "excluded_lines": 0}, "missing_lines": [], "excluded_lines": []}, "DailyRotatingLogger.debug": {"executed_lines": [215], "summary": {"covered_lines": 1, "num_statements": 1, "percent_covered": 100.0, "percent_covered_display": "100", "missing_lines": 0, "excluded_lines": 0}, "missing_lines": [], "excluded_lines": []}, "DailyRotatingLogger.info": {"executed_lines": [219], "summary": {"covered_lines": 1, "num_statements": 1, "percent_covered": 100.0, "percent_covered_display": "100", "missing_lines": 0, "excluded_lines": 0}, "missing_lines": [], "excluded_lines": []}, "DailyRotatingLogger.warning": {"executed_lines": [223], "summary": {"covered_lines": 1, "num_statements": 1, "percent_covered": 100.0, "percent_covered_display": "100", "missing_lines": 0, "excluded_lines": 0}, "missing_lines": [], "excluded_lines": []}, "DailyRotatingLogger.error": {"executed_lines": [227], "summary": {"covered_lines": 1, "num_statements": 1, "percent_covered": 100.0, "percent_covered_display": "100", "missing_lines": 0, "excluded_lines": 0}, "missing_lines": [], "excluded_lines": []}, "get_logger": {"executed_lines": [], "summary": {"covered_lines": 0, "num_statements": 3, "percent_covered": 0.0, "percent_covered_display": "0", "missing_lines": 3, "excluded_lines": 0}, "missing_lines": [236, 237, 238], "excluded_lines": []}, "setup_logging": {"executed_lines": [242], "summary": {"covered_lines": 1, "num_statements": 1, "percent_covered": 100.0, "percent_covered_display": "100", "missing_lines": 0, "excluded_lines": 0}, "missing_lines": [], "excluded_lines": []}, "": {"executed_lines": [1, 6, 7, 8, 9, 10, 11, 12, 13, 14, 17, 18, 20, 48, 49, 51, 83, 84, 86, 110, 143, 157, 184, 193, 202, 213, 217, 221, 225, 231, 233, 240], "summary": {"covered_lines": 28, "num_statements": 28, "percent_covered": 100.0, "percent_covered_display": "100", "missing_lines": 0, "excluded_lines": 0}, "missing_lines": [], "excluded_lines": []}}, "classes": {"JSONFormatter": {"executed_lines": [21, 34, 35, 42, 43, 45], "summary": {"covered_lines": 6, "num_statements": 6, "percent_covered": 100.0, "percent_covered_display": "100", "missing_lines": 0, "excluded_lines": 0}, "missing_lines": [], "excluded_lines": []}, "XMLFormatter": {"executed_lines": [52, 55, 56, 57, 58, 59, 60, 61, 62, 63, 66, 67, 68, 69, 70, 71, 74, 75, 76, 77, 78, 80], "summary": {"covered_lines": 22, "num_statements": 22, "percent_covered": 100.0, "percent_covered_display": "100", "missing_lines": 0, "excluded_lines": 0}, "missing_lines": [], "excluded_lines": []}, "DailyRotatingLogger": {"executed_lines": [87, 88, 89, 92, 93, 96, 99, 102, 112, 115, 116, 117, 120, 121, 124, 125, 126, 127, 128, 131, 132, 133, 134, 137, 138, 139, 141, 146, 160, 161, 162, 163, 165, 171, 172, 178, 179, 180, 182, 186, 195, 204, 215, 219, 223, 227], "summary": {"covered_lines": 46, "num_statements": 46, "percent_covered": 100.0, "percent_covered_display": "100", "missing_lines": 0, "excluded_lines": 0}, "missing_lines": [], "excluded_lines": []}, "": {"executed_lines": [1, 6, 7, 8, 9, 10, 11, 12, 13, 14, 17, 18, 20, 48, 49, 51, 83, 84, 86, 110, 143, 157, 184, 193, 202, 213, 217, 221, 225, 231, 233, 240, 242], "summary": {"covered_lines": 29, "num_statements": 32, "percent_covered": 90.625, "percent_covered_display": "91", "missing_lines": 3, "excluded_lines": 0}, "missing_lines": [236, 237, 238], "excluded_lines": []}}}, "tests/__init__.py": {"executed_lines": [1], "summary": {"covered_lines": 0, "num_statements": 0, "percent_covered": 100.0, "percent_covered_display": "100", "missing_lines": 0, "excluded_lines": 0}, "missing_lines": [], "excluded_lines": [], "functions": {"": {"executed_lines": [1], "summary": {"covered_lines": 0, "num_statements": 0, "percent_covered": 100.0, "percent_covered_display": "100", "missing_lines": 0, "excluded_lines": 0}, "missing_lines": [], "excluded_lines": []}}, "classes": {"": {"executed_lines": [1], "summary": {"covered_lines": 0, "num_statements": 0, "percent_covered": 100.0, "percent_covered_display": "100", "missing_lines": 0, "excluded_lines": 0}, "missing_lines": [], "excluded_lines": []}}}, "tests/conftest.py": {"executed_lines": [1, 5, 6, 7, 8, 9, 10, 13, 14, 16, 17, 19, 20, 22, 36, 37, 39, 40, 41, 43, 44, 46, 47, 49, 51, 52, 94, 95, 97, 116, 117, 119, 134, 135, 137, 147, 148, 150, 151, 153, 154, 156, 157, 159, 160, 162, 163, 165, 166, 168, 189, 190, 192, 211, 212, 214, 233, 234, 236], "summary": {"covered_lines": 58, "num_statements": 59, "percent_covered": 98.30508474576271, "percent_covered_display": "98", "missing_lines": 1, "excluded_lines": 0}, "missing_lines": [54], "excluded_lines": [], "functions": {"test_config": {"executed_lines": [22], "summary": {"covered_lines": 1, "num_statements": 1, "percent_covered": 100.0, "percent_covered_display": "100", "missing_lines": 0, "excluded_lines": 0}, "missing_lines": [], "excluded_lines": []}, "config_manager": {"executed_lines": [39, 40, 41, 43, 44], "summary": {"covered_lines": 5, "num_statements": 5, "percent_covered": 100.0, "percent_covered_display": "100", "missing_lines": 0, "excluded_lines": 0}, "missing_lines": [], "excluded_lines": []}, "api_client": {"executed_lines": [49], "summary": {"covered_lines": 1, "num_statements": 1, "percent_covered": 100.0, "percent_covered_display": "100", "missing_lines": 0, "excluded_lines": 0}, "missing_lines": [], "excluded_lines": []}, "mock_work_response": {"executed_lines": [236], "summary": {"covered_lines": 1, "num_statements": 1, "percent_covered": 100.0, "percent_covered_display": "100", "missing_lines": 0, "excluded_lines": 0}, "missing_lines": [], "excluded_lines": []}, "mock_author_response": {"executed_lines": [97], "summary": {"covered_lines": 1, "num_statements": 1, "percent_covered": 100.0, "percent_covered_display": "100", "missing_lines": 0, "excluded_lines": 0}, "missing_lines": [], "excluded_lines": []}, "mock_concept_response": {"executed_lines": [119], "summary": {"covered_lines": 1, "num_statements": 1, "percent_covered": 100.0, "percent_covered_display": "100", "missing_lines": 0, "excluded_lines": 0}, "missing_lines": [], "excluded_lines": []}, "mock_search_response": {"executed_lines": [137], "summary": {"covered_lines": 1, "num_statements": 1, "percent_covered": 100.0, "percent_covered_display": "100", "missing_lines": 0, "excluded_lines": 0}, "missing_lines": [], "excluded_lines": []}, "publication_retriever": {"executed_lines": [150, 151], "summary": {"covered_lines": 2, "num_statements": 2, "percent_covered": 100.0, "percent_covered_display": "100", "missing_lines": 0, "excluded_lines": 0}, "missing_lines": [], "excluded_lines": []}, "author_retriever": {"executed_lines": [156, 157], "summary": {"covered_lines": 2, "num_statements": 2, "percent_covered": 100.0, "percent_covered_display": "100", "missing_lines": 0, "excluded_lines": 0}, "missing_lines": [], "excluded_lines": []}, "concept_retriever": {"executed_lines": [162, 163], "summary": {"covered_lines": 2, "num_statements": 2, "percent_covered": 100.0, "percent_covered_display": "100", "missing_lines": 0, "excluded_lines": 0}, "missing_lines": [], "excluded_lines": []}, "mock_publication_results": {"executed_lines": [168], "summary": {"covered_lines": 1, "num_statements": 1, "percent_covered": 100.0, "percent_covered_display": "100", "missing_lines": 0, "excluded_lines": 0}, "missing_lines": [], "excluded_lines": []}, "mock_author_results": {"executed_lines": [192], "summary": {"covered_lines": 1, "num_statements": 1, "percent_covered": 100.0, "percent_covered_display": "100", "missing_lines": 0, "excluded_lines": 0}, "missing_lines": [], "excluded_lines": []}, "mock_concept_results": {"executed_lines": [214], "summary": {"covered_lines": 1, "num_statements": 1, "percent_covered": 100.0, "percent_covered_display": "100", "missing_lines": 0, "excluded_lines": 0}, "missing_lines": [], "excluded_lines": []}, "": {"executed_lines": [1, 5, 6, 7, 8, 9, 10, 13, 14, 16, 17, 19, 20, 36, 37, 46, 47, 51, 52, 94, 95, 116, 117, 134, 135, 147, 148, 153, 154, 159, 160, 165, 166, 189, 190, 211, 212, 233, 234], "summary": {"covered_lines": 38, "num_statements": 38, "percent_covered": 100.0, "percent_covered_display": "100", "missing_lines": 0, "excluded_lines": 0}, "missing_lines": [], "excluded_lines": []}}, "classes": {"": {"executed_lines": [1, 5, 6, 7, 8, 9, 10, 13, 14, 16, 17, 19, 20, 22, 36, 37, 39, 40, 41, 43, 44, 46, 47, 49, 51, 52, 94, 95, 97, 116, 117, 119, 134, 135, 137, 147, 148, 150, 151, 153, 154, 156, 157, 159, 160, 162, 163, 165, 166, 168, 189, 190, 192, 211, 212, 214, 233, 234, 236], "summary": {"covered_lines": 58, "num_statements": 59, "percent_covered": 98.30508474576271, "percent_covered_display": "98", "missing_lines": 1, "excluded_lines": 0}, "missing_lines": [54], "excluded_lines": []}}}, "tests/integration/__init__.py": {"executed_lines": [1], "summary": {"covered_lines": 0, "num_statements": 0, "percent_covered": 100.0, "percent_covered_display": "100", "missing_lines": 0, "excluded_lines": 0}, "missing_lines": [], "excluded_lines": [], "functions": {"": {"executed_lines": [1], "summary": {"covered_lines": 0, "num_statements": 0, "percent_covered": 100.0, "percent_covered_display": "100", "missing_lines": 0, "excluded_lines": 0}, "missing_lines": [], "excluded_lines": []}}, "classes": {"": {"executed_lines": [1], "summary": {"covered_lines": 0, "num_statements": 0, "percent_covered": 100.0, "percent_covered_display": "100", "missing_lines": 0, "excluded_lines": 0}, "missing_lines": [], "excluded_lines": []}}}, "tests/integration/test_gradio_ui_fixed.py": {"executed_lines": [1, 5, 6, 7, 18, 19, 21, 23, 24, 26, 28, 29, 30, 31, 32, 34, 36, 38, 39, 41, 43, 44, 46, 48, 49, 51, 53, 54, 56, 58, 59, 61, 63, 64, 65, 67, 69, 70, 72, 74, 75, 76, 77, 79, 81, 83, 84, 86, 88, 89, 90, 92, 94, 95, 97, 99, 100, 101, 103, 105, 106, 108, 110, 111, 112, 113, 114, 116, 118, 120, 121, 123, 125, 126, 128, 130, 131, 133, 135, 136, 137, 139, 141, 142, 144, 146, 147, 148, 149, 150, 152, 154, 156, 157, 159, 161, 162, 164, 166, 167, 169, 171, 172, 173, 176, 177, 179, 181, 183, 184, 185, 186, 187, 188, 189, 191, 193, 195, 197, 199, 207, 209, 210, 211, 213, 215, 217, 218, 219, 220, 221, 222, 224, 226, 228, 230, 232, 234, 235, 236, 237, 238, 239, 241, 243, 245, 247, 249, 257, 259, 260, 262, 265, 266, 267, 268, 269, 272, 273, 274, 275, 276, 279, 280, 281, 282, 283], "summary": {"covered_lines": 164, "num_statements": 164, "percent_covered": 100.0, "percent_covered_display": "100", "missing_lines": 0, "excluded_lines": 0}, "missing_lines": [], "excluded_lines": [], "functions": {"TestGradioUIIntegration.test_search_papers_ui_success": {"executed_lines": [23, 24, 26, 28, 29, 30, 31, 32, 34], "summary": {"covered_lines": 9, "num_statements": 9, "percent_covered": 100.0, "percent_covered_display": "100", "missing_lines": 0, "excluded_lines": 0}, "missing_lines": [], "excluded_lines": []}, "TestGradioUIIntegration.test_search_papers_ui_with_year_filters": {"executed_lines": [38, 39, 41, 43, 44], "summary": {"covered_lines": 5, "num_statements": 5, "percent_covered": 100.0, "percent_covered_display": "100", "missing_lines": 0, "excluded_lines": 0}, "missing_lines": [], "excluded_lines": []}, "TestGradioUIIntegration.test_search_papers_ui_no_results": {"executed_lines": [48, 49, 51, 53, 54], "summary": {"covered_lines": 5, "num_statements": 5, "percent_covered": 100.0, "percent_covered_display": "100", "missing_lines": 0, "excluded_lines": 0}, "missing_lines": [], "excluded_lines": []}, "TestGradioUIIntegration.test_search_papers_ui_error_handling": {"executed_lines": [58, 59, 61, 63, 64, 65], "summary": {"covered_lines": 6, "num_statements": 6, "percent_covered": 100.0, "percent_covered_display": "100", "missing_lines": 0, "excluded_lines": 0}, "missing_lines": [], "excluded_lines": []}, "TestGradioUIIntegration.test_get_paper_by_doi_ui_success": {"executed_lines": [69, 70, 72, 74, 75, 76, 77, 79], "summary": {"covered_lines": 8, "num_statements": 8, "percent_covered": 100.0, "percent_covered_display": "100", "missing_lines": 0, "excluded_lines": 0}, "missing_lines": [], "excluded_lines": []}, "TestGradioUIIntegration.test_get_paper_by_doi_ui_not_found": {"executed_lines": [83, 84, 86, 88, 89, 90], "summary": {"covered_lines": 6, "num_statements": 6, "percent_covered": 100.0, "percent_covered_display": "100", "missing_lines": 0, "excluded_lines": 0}, "missing_lines": [], "excluded_lines": []}, "TestGradioUIIntegration.test_get_paper_by_doi_ui_error_handling": {"executed_lines": [94, 95, 97, 99, 100, 101], "summary": {"covered_lines": 6, "num_statements": 6, "percent_covered": 100.0, "percent_covered_display": "100", "missing_lines": 0, "excluded_lines": 0}, "missing_lines": [], "excluded_lines": []}, "TestGradioUIIntegration.test_search_authors_ui_success": {"executed_lines": [105, 106, 108, 110, 111, 112, 113, 114, 116], "summary": {"covered_lines": 9, "num_statements": 9, "percent_covered": 100.0, "percent_covered_display": "100", "missing_lines": 0, "excluded_lines": 0}, "missing_lines": [], "excluded_lines": []}, "TestGradioUIIntegration.test_search_authors_ui_no_results": {"executed_lines": [120, 121, 123, 125, 126], "summary": {"covered_lines": 5, "num_statements": 5, "percent_covered": 100.0, "percent_covered_display": "100", "missing_lines": 0, "excluded_lines": 0}, "missing_lines": [], "excluded_lines": []}, "TestGradioUIIntegration.test_search_authors_ui_error_handling": {"executed_lines": [130, 131, 133, 135, 136, 137], "summary": {"covered_lines": 6, "num_statements": 6, "percent_covered": 100.0, "percent_covered_display": "100", "missing_lines": 0, "excluded_lines": 0}, "missing_lines": [], "excluded_lines": []}, "TestGradioUIIntegration.test_search_concepts_ui_success": {"executed_lines": [141, 142, 144, 146, 147, 148, 149, 150, 152], "summary": {"covered_lines": 9, "num_statements": 9, "percent_covered": 100.0, "percent_covered_display": "100", "missing_lines": 0, "excluded_lines": 0}, "missing_lines": [], "excluded_lines": []}, "TestGradioUIIntegration.test_search_concepts_ui_no_results": {"executed_lines": [156, 157, 159, 161, 162], "summary": {"covered_lines": 5, "num_statements": 5, "percent_covered": 100.0, "percent_covered_display": "100", "missing_lines": 0, "excluded_lines": 0}, "missing_lines": [], "excluded_lines": []}, "TestGradioUIIntegration.test_search_concepts_ui_error_handling": {"executed_lines": [166, 167, 169, 171, 172, 173], "summary": {"covered_lines": 6, "num_statements": 6, "percent_covered": 100.0, "percent_covered_display": "100", "missing_lines": 0, "excluded_lines": 0}, "missing_lines": [], "excluded_lines": []}, "TestFormattingFunctions.test_format_paper_results_multiple_papers": {"executed_lines": [181, 183, 184, 185, 186, 187, 188, 189], "summary": {"covered_lines": 8, "num_statements": 8, "percent_covered": 100.0, "percent_covered_display": "100", "missing_lines": 0, "excluded_lines": 0}, "missing_lines": [], "excluded_lines": []}, "TestFormattingFunctions.test_format_paper_results_empty": {"executed_lines": [193, 195], "summary": {"covered_lines": 2, "num_statements": 2, "percent_covered": 100.0, "percent_covered_display": "100", "missing_lines": 0, "excluded_lines": 0}, "missing_lines": [], "excluded_lines": []}, "TestFormattingFunctions.test_format_paper_results_long_abstract": {"executed_lines": [199, 207, 209, 210, 211], "summary": {"covered_lines": 5, "num_statements": 5, "percent_covered": 100.0, "percent_covered_display": "100", "missing_lines": 0, "excluded_lines": 0}, "missing_lines": [], "excluded_lines": []}, "TestFormattingFunctions.test_format_author_results_multiple_authors": {"executed_lines": [215, 217, 218, 219, 220, 221, 222], "summary": {"covered_lines": 7, "num_statements": 7, "percent_covered": 100.0, "percent_covered_display": "100", "missing_lines": 0, "excluded_lines": 0}, "missing_lines": [], "excluded_lines": []}, "TestFormattingFunctions.test_format_author_results_empty": {"executed_lines": [226, 228], "summary": {"covered_lines": 2, "num_statements": 2, "percent_covered": 100.0, "percent_covered_display": "100", "missing_lines": 0, "excluded_lines": 0}, "missing_lines": [], "excluded_lines": []}, "TestFormattingFunctions.test_format_concept_results_multiple_concepts": {"executed_lines": [232, 234, 235, 236, 237, 238, 239], "summary": {"covered_lines": 7, "num_statements": 7, "percent_covered": 100.0, "percent_covered_display": "100", "missing_lines": 0, "excluded_lines": 0}, "missing_lines": [], "excluded_lines": []}, "TestFormattingFunctions.test_format_concept_results_empty": {"executed_lines": [243, 245], "summary": {"covered_lines": 2, "num_statements": 2, "percent_covered": 100.0, "percent_covered_display": "100", "missing_lines": 0, "excluded_lines": 0}, "missing_lines": [], "excluded_lines": []}, "TestFormattingFunctions.test_format_paper_results_many_authors": {"executed_lines": [249, 257, 259, 260], "summary": {"covered_lines": 4, "num_statements": 4, "percent_covered": 100.0, "percent_covered_display": "100", "missing_lines": 0, "excluded_lines": 0}, "missing_lines": [], "excluded_lines": []}, "TestFormattingFunctions.test_format_results_handle_missing_fields": {"executed_lines": [265, 266, 267, 268, 269, 272, 273, 274, 275, 276, 279, 280, 281, 282, 283], "summary": {"covered_lines": 15, "num_statements": 15, "percent_covered": 100.0, "percent_covered_display": "100", "missing_lines": 0, "excluded_lines": 0}, "missing_lines": [], "excluded_lines": []}, "": {"executed_lines": [1, 5, 6, 7, 18, 19, 21, 36, 46, 56, 67, 81, 92, 103, 118, 128, 139, 154, 164, 176, 177, 179, 191, 197, 213, 224, 230, 241, 247, 262], "summary": {"covered_lines": 27, "num_statements": 27, "percent_covered": 100.0, "percent_covered_display": "100", "missing_lines": 0, "excluded_lines": 0}, "missing_lines": [], "excluded_lines": []}}, "classes": {"TestGradioUIIntegration": {"executed_lines": [23, 24, 26, 28, 29, 30, 31, 32, 34, 38, 39, 41, 43, 44, 48, 49, 51, 53, 54, 58, 59, 61, 63, 64, 65, 69, 70, 72, 74, 75, 76, 77, 79, 83, 84, 86, 88, 89, 90, 94, 95, 97, 99, 100, 101, 105, 106, 108, 110, 111, 112, 113, 114, 116, 120, 121, 123, 125, 126, 130, 131, 133, 135, 136, 137, 141, 142, 144, 146, 147, 148, 149, 150, 152, 156, 157, 159, 161, 162, 166, 167, 169, 171, 172, 173], "summary": {"covered_lines": 85, "num_statements": 85, "percent_covered": 100.0, "percent_covered_display": "100", "missing_lines": 0, "excluded_lines": 0}, "missing_lines": [], "excluded_lines": []}, "TestFormattingFunctions": {"executed_lines": [181, 183, 184, 185, 186, 187, 188, 189, 193, 195, 199, 207, 209, 210, 211, 215, 217, 218, 219, 220, 221, 222, 226, 228, 232, 234, 235, 236, 237, 238, 239, 243, 245, 249, 257, 259, 260, 265, 266, 267, 268, 269, 272, 273, 274, 275, 276, 279, 280, 281, 282, 283], "summary": {"covered_lines": 52, "num_statements": 52, "percent_covered": 100.0, "percent_covered_display": "100", "missing_lines": 0, "excluded_lines": 0}, "missing_lines": [], "excluded_lines": []}, "": {"executed_lines": [1, 5, 6, 7, 18, 19, 21, 36, 46, 56, 67, 81, 92, 103, 118, 128, 139, 154, 164, 176, 177, 179, 191, 197, 213, 224, 230, 241, 247, 262], "summary": {"covered_lines": 27, "num_statements": 27, "percent_covered": 100.0, "percent_covered_display": "100", "missing_lines": 0, "excluded_lines": 0}, "missing_lines": [], "excluded_lines": []}}}, "tests/integration/test_mcp_tools_fixed.py": {"executed_lines": [1, 5, 6, 7, 15, 16, 18, 20, 21, 23, 25, 26, 27, 28, 29, 31, 38, 40, 41, 43, 50, 51, 58, 60, 61, 63, 65, 66, 68, 70, 71, 73, 75, 76, 78, 80, 81, 83, 85, 86, 87, 89, 91, 93, 94, 96, 98, 100, 102, 103, 105, 107, 109, 111, 112, 114, 116, 117, 118, 119, 120, 122, 127, 129, 130, 132, 134, 135, 137, 139, 140, 142, 144, 145, 147, 149, 150, 152, 154, 155, 156, 157, 158, 160, 165, 167, 168, 170, 172, 173, 175, 177, 178, 180, 182, 183, 185, 188, 196, 203, 210, 211, 212, 215, 216, 217, 218, 221, 222, 223, 224, 227, 228, 229, 232, 233, 234, 235, 238, 239, 240, 241], "summary": {"covered_lines": 120, "num_statements": 120, "percent_covered": 100.0, "percent_covered_display": "100", "missing_lines": 0, "excluded_lines": 0}, "missing_lines": [], "excluded_lines": [], "functions": {"TestMCPToolIntegration.test_search_openalex_papers_success": {"executed_lines": [20, 21, 23, 25, 26, 27, 28, 29, 31], "summary": {"covered_lines": 9, "num_statements": 9, "percent_covered": 100.0, "percent_covered_display": "100", "missing_lines": 0, "excluded_lines": 0}, "missing_lines": [], "excluded_lines": []}, "TestMCPToolIntegration.test_search_openalex_papers_with_year_filters": {"executed_lines": [40, 41, 43, 50, 51], "summary": {"covered_lines": 5, "num_statements": 5, "percent_covered": 100.0, "percent_covered_display": "100", "missing_lines": 0, "excluded_lines": 0}, "missing_lines": [], "excluded_lines": []}, "TestMCPToolIntegration.test_search_openalex_papers_empty_results": {"executed_lines": [60, 61, 63, 65, 66], "summary": {"covered_lines": 5, "num_statements": 5, "percent_covered": 100.0, "percent_covered_display": "100", "missing_lines": 0, "excluded_lines": 0}, "missing_lines": [], "excluded_lines": []}, "TestMCPToolIntegration.test_search_openalex_papers_error_handling": {"executed_lines": [70, 71, 73, 75, 76], "summary": {"covered_lines": 5, "num_statements": 5, "percent_covered": 100.0, "percent_covered_display": "100", "missing_lines": 0, "excluded_lines": 0}, "missing_lines": [], "excluded_lines": []}, "TestMCPToolIntegration.test_get_publication_by_doi_success": {"executed_lines": [80, 81, 83, 85, 86, 87, 89], "summary": {"covered_lines": 7, "num_statements": 7, "percent_covered": 100.0, "percent_covered_display": "100", "missing_lines": 0, "excluded_lines": 0}, "missing_lines": [], "excluded_lines": []}, "TestMCPToolIntegration.test_get_publication_by_doi_not_found": {"executed_lines": [93, 94, 96, 98], "summary": {"covered_lines": 4, "num_statements": 4, "percent_covered": 100.0, "percent_covered_display": "100", "missing_lines": 0, "excluded_lines": 0}, "missing_lines": [], "excluded_lines": []}, "TestMCPToolIntegration.test_get_publication_by_doi_error_handling": {"executed_lines": [102, 103, 105, 107], "summary": {"covered_lines": 4, "num_statements": 4, "percent_covered": 100.0, "percent_covered_display": "100", "missing_lines": 0, "excluded_lines": 0}, "missing_lines": [], "excluded_lines": []}, "TestMCPToolIntegration.test_search_openalex_authors_success": {"executed_lines": [111, 112, 114, 116, 117, 118, 119, 120, 122], "summary": {"covered_lines": 9, "num_statements": 9, "percent_covered": 100.0, "percent_covered_display": "100", "missing_lines": 0, "excluded_lines": 0}, "missing_lines": [], "excluded_lines": []}, "TestMCPToolIntegration.test_search_openalex_authors_empty_results": {"executed_lines": [129, 130, 132, 134, 135], "summary": {"covered_lines": 5, "num_statements": 5, "percent_covered": 100.0, "percent_covered_display": "100", "missing_lines": 0, "excluded_lines": 0}, "missing_lines": [], "excluded_lines": []}, "TestMCPToolIntegration.test_search_openalex_authors_error_handling": {"executed_lines": [139, 140, 142, 144, 145], "summary": {"covered_lines": 5, "num_statements": 5, "percent_covered": 100.0, "percent_covered_display": "100", "missing_lines": 0, "excluded_lines": 0}, "missing_lines": [], "excluded_lines": []}, "TestMCPToolIntegration.test_search_openalex_concepts_success": {"executed_lines": [149, 150, 152, 154, 155, 156, 157, 158, 160], "summary": {"covered_lines": 9, "num_statements": 9, "percent_covered": 100.0, "percent_covered_display": "100", "missing_lines": 0, "excluded_lines": 0}, "missing_lines": [], "excluded_lines": []}, "TestMCPToolIntegration.test_search_openalex_concepts_empty_results": {"executed_lines": [167, 168, 170, 172, 173], "summary": {"covered_lines": 5, "num_statements": 5, "percent_covered": 100.0, "percent_covered_display": "100", "missing_lines": 0, "excluded_lines": 0}, "missing_lines": [], "excluded_lines": []}, "TestMCPToolIntegration.test_search_openalex_concepts_error_handling": {"executed_lines": [177, 178, 180, 182, 183], "summary": {"covered_lines": 5, "num_statements": 5, "percent_covered": 100.0, "percent_covered_display": "100", "missing_lines": 0, "excluded_lines": 0}, "missing_lines": [], "excluded_lines": []}, "TestMCPToolIntegration.test_mcp_functions_return_proper_json_structure": {"executed_lines": [188, 196, 203, 210, 211, 212, 215, 216, 217, 218, 221, 222, 223, 224, 227, 228, 229, 232, 233, 234, 235, 238, 239, 240, 241], "summary": {"covered_lines": 25, "num_statements": 25, "percent_covered": 100.0, "percent_covered_display": "100", "missing_lines": 0, "excluded_lines": 0}, "missing_lines": [], "excluded_lines": []}, "": {"executed_lines": [1, 5, 6, 7, 15, 16, 18, 38, 58, 68, 78, 91, 100, 109, 127, 137, 147, 165, 175, 185], "summary": {"covered_lines": 18, "num_statements": 18, "percent_covered": 100.0, "percent_covered_display": "100", "missing_lines": 0, "excluded_lines": 0}, "missing_lines": [], "excluded_lines": []}}, "classes": {"TestMCPToolIntegration": {"executed_lines": [20, 21, 23, 25, 26, 27, 28, 29, 31, 40, 41, 43, 50, 51, 60, 61, 63, 65, 66, 70, 71, 73, 75, 76, 80, 81, 83, 85, 86, 87, 89, 93, 94, 96, 98, 102, 103, 105, 107, 111, 112, 114, 116, 117, 118, 119, 120, 122, 129, 130, 132, 134, 135, 139, 140, 142, 144, 145, 149, 150, 152, 154, 155, 156, 157, 158, 160, 167, 168, 170, 172, 173, 177, 178, 180, 182, 183, 188, 196, 203, 210, 211, 212, 215, 216, 217, 218, 221, 222, 223, 224, 227, 228, 229, 232, 233, 234, 235, 238, 239, 240, 241], "summary": {"covered_lines": 102, "num_statements": 102, "percent_covered": 100.0, "percent_covered_display": "100", "missing_lines": 0, "excluded_lines": 0}, "missing_lines": [], "excluded_lines": []}, "": {"executed_lines": [1, 5, 6, 7, 15, 16, 18, 38, 58, 68, 78, 91, 100, 109, 127, 137, 147, 165, 175, 185], "summary": {"covered_lines": 18, "num_statements": 18, "percent_covered": 100.0, "percent_covered_display": "100", "missing_lines": 0, "excluded_lines": 0}, "missing_lines": [], "excluded_lines": []}}}, "tests/unit/__init__.py": {"executed_lines": [1], "summary": {"covered_lines": 0, "num_statements": 0, "percent_covered": 100.0, "percent_covered_display": "100", "missing_lines": 0, "excluded_lines": 0}, "missing_lines": [], "excluded_lines": [], "functions": {"": {"executed_lines": [1], "summary": {"covered_lines": 0, "num_statements": 0, "percent_covered": 100.0, "percent_covered_display": "100", "missing_lines": 0, "excluded_lines": 0}, "missing_lines": [], "excluded_lines": []}}, "classes": {"": {"executed_lines": [1], "summary": {"covered_lines": 0, "num_statements": 0, "percent_covered": 100.0, "percent_covered_display": "100", "missing_lines": 0, "excluded_lines": 0}, "missing_lines": [], "excluded_lines": []}}}, "tests/unit/test_api_clients.py": {"executed_lines": [1, 5, 6, 7, 8, 11, 12, 14, 16, 17, 18, 19, 20, 22, 23, 25, 26, 27, 28, 29, 31, 33, 34, 36, 37, 39, 40, 41, 43, 44, 46, 48, 50, 51, 58, 60, 62, 63, 69, 71, 72, 73, 75, 79, 81, 82, 89, 91, 92, 93, 95, 101, 103, 104, 105, 112, 114, 115, 116, 118, 122, 124, 125, 132, 134, 135, 137, 139, 140, 142, 144, 145, 147, 149, 150, 152, 154, 155, 159, 161, 163, 165, 166, 167, 169, 171, 172, 178, 180, 181, 182, 184, 186, 188, 189, 196, 198, 199, 200, 202, 204, 205, 211, 213, 214, 215, 217, 219, 221, 222, 229, 231, 232, 233, 235, 236, 238, 239, 243, 245, 246, 247, 250, 252, 253, 259, 261, 262, 263, 266, 268, 269], "summary": {"covered_lines": 130, "num_statements": 130, "percent_covered": 100.0, "percent_covered_display": "100", "missing_lines": 0, "excluded_lines": 0}, "missing_lines": [], "excluded_lines": [], "functions": {"TestOpenAlexAPIClient.test_init": {"executed_lines": [16, 17, 18, 19, 20], "summary": {"covered_lines": 5, "num_statements": 5, "percent_covered": 100.0, "percent_covered_display": "100", "missing_lines": 0, "excluded_lines": 0}, "missing_lines": [], "excluded_lines": []}, "TestOpenAlexAPIClient.test_make_request_success": {"executed_lines": [25, 26, 27, 28, 29, 31, 33, 34], "summary": {"covered_lines": 8, "num_statements": 8, "percent_covered": 100.0, "percent_covered_display": "100", "missing_lines": 0, "excluded_lines": 0}, "missing_lines": [], "excluded_lines": []}, "TestOpenAlexAPIClient.test_make_request_http_error_retry": {"executed_lines": [39, 40, 41, 43, 44, 46], "summary": {"covered_lines": 6, "num_statements": 6, "percent_covered": 100.0, "percent_covered_display": "100", "missing_lines": 0, "excluded_lines": 0}, "missing_lines": [], "excluded_lines": []}, "TestOpenAlexAPIClient.test_search_works_basic": {"executed_lines": [50, 51, 58, 60, 62, 63], "summary": {"covered_lines": 6, "num_statements": 6, "percent_covered": 100.0, "percent_covered_display": "100", "missing_lines": 0, "excluded_lines": 0}, "missing_lines": [], "excluded_lines": []}, "TestOpenAlexAPIClient.test_search_works_with_year_range_filters": {"executed_lines": [71, 72, 73, 75, 79, 81, 82], "summary": {"covered_lines": 7, "num_statements": 7, "percent_covered": 100.0, "percent_covered_display": "100", "missing_lines": 0, "excluded_lines": 0}, "missing_lines": [], "excluded_lines": []}, "TestOpenAlexAPIClient.test_search_works_with_multiple_filters": {"executed_lines": [91, 92, 93, 95, 101, 103, 104, 105], "summary": {"covered_lines": 8, "num_statements": 8, "percent_covered": 100.0, "percent_covered_display": "100", "missing_lines": 0, "excluded_lines": 0}, "missing_lines": [], "excluded_lines": []}, "TestOpenAlexAPIClient.test_search_works_with_list_filter": {"executed_lines": [114, 115, 116, 118, 122, 124, 125], "summary": {"covered_lines": 7, "num_statements": 7, "percent_covered": 100.0, "percent_covered_display": "100", "missing_lines": 0, "excluded_lines": 0}, "missing_lines": [], "excluded_lines": []}, "TestOpenAlexAPIClient.test_get_work_by_doi_success": {"executed_lines": [134, 135, 137, 139, 140], "summary": {"covered_lines": 5, "num_statements": 5, "percent_covered": 100.0, "percent_covered_display": "100", "missing_lines": 0, "excluded_lines": 0}, "missing_lines": [], "excluded_lines": []}, "TestOpenAlexAPIClient.test_get_work_by_doi_with_prefix": {"executed_lines": [144, 145, 147, 149, 150], "summary": {"covered_lines": 5, "num_statements": 5, "percent_covered": 100.0, "percent_covered_display": "100", "missing_lines": 0, "excluded_lines": 0}, "missing_lines": [], "excluded_lines": []}, "TestOpenAlexAPIClient.test_get_work_by_doi_not_found": {"executed_lines": [154, 155, 159, 161], "summary": {"covered_lines": 4, "num_statements": 4, "percent_covered": 100.0, "percent_covered_display": "100", "missing_lines": 0, "excluded_lines": 0}, "missing_lines": [], "excluded_lines": []}, "TestOpenAlexAPIClient.test_search_authors_basic": {"executed_lines": [165, 166, 167, 169, 171, 172], "summary": {"covered_lines": 6, "num_statements": 6, "percent_covered": 100.0, "percent_covered_display": "100", "missing_lines": 0, "excluded_lines": 0}, "missing_lines": [], "excluded_lines": []}, "TestOpenAlexAPIClient.test_search_authors_with_filters": {"executed_lines": [180, 181, 182, 184, 186, 188, 189], "summary": {"covered_lines": 7, "num_statements": 7, "percent_covered": 100.0, "percent_covered_display": "100", "missing_lines": 0, "excluded_lines": 0}, "missing_lines": [], "excluded_lines": []}, "TestOpenAlexAPIClient.test_search_concepts_basic": {"executed_lines": [198, 199, 200, 202, 204, 205], "summary": {"covered_lines": 6, "num_statements": 6, "percent_covered": 100.0, "percent_covered_display": "100", "missing_lines": 0, "excluded_lines": 0}, "missing_lines": [], "excluded_lines": []}, "TestOpenAlexAPIClient.test_search_concepts_with_filters": {"executed_lines": [213, 214, 215, 217, 219, 221, 222], "summary": {"covered_lines": 7, "num_statements": 7, "percent_covered": 100.0, "percent_covered_display": "100", "missing_lines": 0, "excluded_lines": 0}, "missing_lines": [], "excluded_lines": []}, "TestOpenAlexAPIClient.test_get_multiple_works": {"executed_lines": [231, 232, 233, 235, 236, 238, 239], "summary": {"covered_lines": 7, "num_statements": 7, "percent_covered": 100.0, "percent_covered_display": "100", "missing_lines": 0, "excluded_lines": 0}, "missing_lines": [], "excluded_lines": []}, "TestOpenAlexAPIClient.test_per_page_limit_enforced": {"executed_lines": [245, 246, 247, 250, 252, 253], "summary": {"covered_lines": 6, "num_statements": 6, "percent_covered": 100.0, "percent_covered_display": "100", "missing_lines": 0, "excluded_lines": 0}, "missing_lines": [], "excluded_lines": []}, "TestOpenAlexAPIClient.test_none_values_filtered_from_params": {"executed_lines": [261, 262, 263, 266, 268, 269], "summary": {"covered_lines": 6, "num_statements": 6, "percent_covered": 100.0, "percent_covered_display": "100", "missing_lines": 0, "excluded_lines": 0}, "missing_lines": [], "excluded_lines": []}, "": {"executed_lines": [1, 5, 6, 7, 8, 11, 12, 14, 22, 23, 36, 37, 48, 69, 89, 112, 132, 142, 152, 163, 178, 196, 211, 229, 243, 259], "summary": {"covered_lines": 24, "num_statements": 24, "percent_covered": 100.0, "percent_covered_display": "100", "missing_lines": 0, "excluded_lines": 0}, "missing_lines": [], "excluded_lines": []}}, "classes": {"TestOpenAlexAPIClient": {"executed_lines": [16, 17, 18, 19, 20, 25, 26, 27, 28, 29, 31, 33, 34, 39, 40, 41, 43, 44, 46, 50, 51, 58, 60, 62, 63, 71, 72, 73, 75, 79, 81, 82, 91, 92, 93, 95, 101, 103, 104, 105, 114, 115, 116, 118, 122, 124, 125, 134, 135, 137, 139, 140, 144, 145, 147, 149, 150, 154, 155, 159, 161, 165, 166, 167, 169, 171, 172, 180, 181, 182, 184, 186, 188, 189, 198, 199, 200, 202, 204, 205, 213, 214, 215, 217, 219, 221, 222, 231, 232, 233, 235, 236, 238, 239, 245, 246, 247, 250, 252, 253, 261, 262, 263, 266, 268, 269], "summary": {"covered_lines": 106, "num_statements": 106, "percent_covered": 100.0, "percent_covered_display": "100", "missing_lines": 0, "excluded_lines": 0}, "missing_lines": [], "excluded_lines": []}, "": {"executed_lines": [1, 5, 6, 7, 8, 11, 12, 14, 22, 23, 36, 37, 48, 69, 89, 112, 132, 142, 152, 163, 178, 196, 211, 229, 243, 259], "summary": {"covered_lines": 24, "num_statements": 24, "percent_covered": 100.0, "percent_covered_display": "100", "missing_lines": 0, "excluded_lines": 0}, "missing_lines": [], "excluded_lines": []}}}, "tests/unit/test_author_retriever_fixed.py": {"executed_lines": [1, 5, 6, 7, 10, 11, 13, 15, 16, 18, 20, 28, 29, 30, 31, 33, 35, 36, 40, 42, 44, 46, 47, 48, 49, 51, 53, 58, 60, 65, 66, 67, 68, 70, 72, 73, 75, 77, 79, 80, 82, 84, 89, 91, 92, 94, 95, 97, 99, 101, 102, 103, 104, 106, 108, 109, 114, 116, 118, 119, 120, 121, 123, 125, 130, 132, 134, 135, 137, 139, 141, 143, 144, 146, 147, 149, 151, 153, 154, 155, 156, 158, 160, 161, 167, 169, 171, 172, 174, 176, 178, 180, 181, 183, 184, 186, 188, 226, 227, 229, 231, 232, 233, 234, 235, 236, 237, 238, 239, 240, 241, 242, 243, 244, 245, 246, 247, 249, 251, 256, 257, 259, 261, 262, 263, 264, 265, 266, 267, 268, 270, 272, 278, 279, 281, 283, 285, 288, 293, 296, 297], "summary": {"covered_lines": 139, "num_statements": 139, "percent_covered": 100.0, "percent_covered_display": "100", "missing_lines": 0, "excluded_lines": 0}, "missing_lines": [], "excluded_lines": [], "functions": {"TestOpenAlexAuthorRetriever.test_init": {"executed_lines": [15, 16], "summary": {"covered_lines": 2, "num_statements": 2, "percent_covered": 100.0, "percent_covered_display": "100", "missing_lines": 0, "excluded_lines": 0}, "missing_lines": [], "excluded_lines": []}, "TestOpenAlexAuthorRetriever.test_search_authors_basic": {"executed_lines": [20, 28, 29, 30, 31, 33, 35, 36, 40], "summary": {"covered_lines": 9, "num_statements": 9, "percent_covered": 100.0, "percent_covered_display": "100", "missing_lines": 0, "excluded_lines": 0}, "missing_lines": [], "excluded_lines": []}, "TestOpenAlexAuthorRetriever.test_search_authors_with_affiliation": {"executed_lines": [44, 46, 47, 48, 49, 51, 53], "summary": {"covered_lines": 7, "num_statements": 7, "percent_covered": 100.0, "percent_covered_display": "100", "missing_lines": 0, "excluded_lines": 0}, "missing_lines": [], "excluded_lines": []}, "TestOpenAlexAuthorRetriever.test_search_authors_max_results_limit": {"executed_lines": [60, 65, 66, 67, 68, 70, 72, 73], "summary": {"covered_lines": 8, "num_statements": 8, "percent_covered": 100.0, "percent_covered_display": "100", "missing_lines": 0, "excluded_lines": 0}, "missing_lines": [], "excluded_lines": []}, "TestOpenAlexAuthorRetriever.test_search_authors_api_limit": {"executed_lines": [77, 79, 80, 82, 84], "summary": {"covered_lines": 5, "num_statements": 5, "percent_covered": 100.0, "percent_covered_display": "100", "missing_lines": 0, "excluded_lines": 0}, "missing_lines": [], "excluded_lines": []}, "TestOpenAlexAuthorRetriever.test_search_authors_error_handling": {"executed_lines": [91, 92, 94, 95], "summary": {"covered_lines": 4, "num_statements": 4, "percent_covered": 100.0, "percent_covered_display": "100", "missing_lines": 0, "excluded_lines": 0}, "missing_lines": [], "excluded_lines": []}, "TestOpenAlexAuthorRetriever.test_get_by_orcid_success": {"executed_lines": [99, 101, 102, 103, 104, 106, 108, 109], "summary": {"covered_lines": 8, "num_statements": 8, "percent_covered": 100.0, "percent_covered_display": "100", "missing_lines": 0, "excluded_lines": 0}, "missing_lines": [], "excluded_lines": []}, "TestOpenAlexAuthorRetriever.test_get_by_orcid_with_url_prefix": {"executed_lines": [116, 118, 119, 120, 121, 123, 125], "summary": {"covered_lines": 7, "num_statements": 7, "percent_covered": 100.0, "percent_covered_display": "100", "missing_lines": 0, "excluded_lines": 0}, "missing_lines": [], "excluded_lines": []}, "TestOpenAlexAuthorRetriever.test_get_by_orcid_not_found": {"executed_lines": [132, 134, 135, 137, 139], "summary": {"covered_lines": 5, "num_statements": 5, "percent_covered": 100.0, "percent_covered_display": "100", "missing_lines": 0, "excluded_lines": 0}, "missing_lines": [], "excluded_lines": []}, "TestOpenAlexAuthorRetriever.test_get_by_orcid_error_handling": {"executed_lines": [143, 144, 146, 147], "summary": {"covered_lines": 4, "num_statements": 4, "percent_covered": 100.0, "percent_covered_display": "100", "missing_lines": 0, "excluded_lines": 0}, "missing_lines": [], "excluded_lines": []}, "TestOpenAlexAuthorRetriever.test_get_by_openalex_id_success": {"executed_lines": [151, 153, 154, 155, 156, 158, 160, 161], "summary": {"covered_lines": 8, "num_statements": 8, "percent_covered": 100.0, "percent_covered_display": "100", "missing_lines": 0, "excluded_lines": 0}, "missing_lines": [], "excluded_lines": []}, "TestOpenAlexAuthorRetriever.test_get_by_openalex_id_not_found": {"executed_lines": [169, 171, 172, 174, 176], "summary": {"covered_lines": 5, "num_statements": 5, "percent_covered": 100.0, "percent_covered_display": "100", "missing_lines": 0, "excluded_lines": 0}, "missing_lines": [], "excluded_lines": []}, "TestOpenAlexAuthorRetriever.test_get_by_openalex_id_error_handling": {"executed_lines": [180, 181, 183, 184], "summary": {"covered_lines": 4, "num_statements": 4, "percent_covered": 100.0, "percent_covered_display": "100", "missing_lines": 0, "excluded_lines": 0}, "missing_lines": [], "excluded_lines": []}, "TestOpenAlexAuthorRetriever.test_process_author_data_complete": {"executed_lines": [188, 226, 227, 229, 231, 232, 233, 234, 235, 236, 237, 238, 239, 240, 241, 242, 243, 244, 245, 246, 247], "summary": {"covered_lines": 21, "num_statements": 21, "percent_covered": 100.0, "percent_covered_display": "100", "missing_lines": 0, "excluded_lines": 0}, "missing_lines": [], "excluded_lines": []}, "TestOpenAlexAuthorRetriever.test_process_author_data_minimal": {"executed_lines": [251, 256, 257, 259, 261, 262, 263, 264, 265, 266, 267, 268], "summary": {"covered_lines": 12, "num_statements": 12, "percent_covered": 100.0, "percent_covered_display": "100", "missing_lines": 0, "excluded_lines": 0}, "missing_lines": [], "excluded_lines": []}, "TestOpenAlexAuthorRetriever.test_process_author_data_no_institution": {"executed_lines": [272, 278, 279, 281, 283], "summary": {"covered_lines": 5, "num_statements": 5, "percent_covered": 100.0, "percent_covered_display": "100", "missing_lines": 0, "excluded_lines": 0}, "missing_lines": [], "excluded_lines": []}, "TestOpenAlexAuthorRetriever.test_process_author_data_error_handling": {"executed_lines": [288, 293, 296, 297], "summary": {"covered_lines": 4, "num_statements": 4, "percent_covered": 100.0, "percent_covered_display": "100", "missing_lines": 0, "excluded_lines": 0}, "missing_lines": [], "excluded_lines": []}, "": {"executed_lines": [1, 5, 6, 7, 10, 11, 13, 18, 42, 58, 75, 89, 97, 114, 130, 141, 149, 167, 178, 186, 249, 270, 285], "summary": {"covered_lines": 21, "num_statements": 21, "percent_covered": 100.0, "percent_covered_display": "100", "missing_lines": 0, "excluded_lines": 0}, "missing_lines": [], "excluded_lines": []}}, "classes": {"TestOpenAlexAuthorRetriever": {"executed_lines": [15, 16, 20, 28, 29, 30, 31, 33, 35, 36, 40, 44, 46, 47, 48, 49, 51, 53, 60, 65, 66, 67, 68, 70, 72, 73, 77, 79, 80, 82, 84, 91, 92, 94, 95, 99, 101, 102, 103, 104, 106, 108, 109, 116, 118, 119, 120, 121, 123, 125, 132, 134, 135, 137, 139, 143, 144, 146, 147, 151, 153, 154, 155, 156, 158, 160, 161, 169, 171, 172, 174, 176, 180, 181, 183, 184, 188, 226, 227, 229, 231, 232, 233, 234, 235, 236, 237, 238, 239, 240, 241, 242, 243, 244, 245, 246, 247, 251, 256, 257, 259, 261, 262, 263, 264, 265, 266, 267, 268, 272, 278, 279, 281, 283, 288, 293, 296, 297], "summary": {"covered_lines": 118, "num_statements": 118, "percent_covered": 100.0, "percent_covered_display": "100", "missing_lines": 0, "excluded_lines": 0}, "missing_lines": [], "excluded_lines": []}, "": {"executed_lines": [1, 5, 6, 7, 10, 11, 13, 18, 42, 58, 75, 89, 97, 114, 130, 141, 149, 167, 178, 186, 249, 270, 285], "summary": {"covered_lines": 21, "num_statements": 21, "percent_covered": 100.0, "percent_covered_display": "100", "missing_lines": 0, "excluded_lines": 0}, "missing_lines": [], "excluded_lines": []}}}, "tests/unit/test_concept_retriever_fixed.py": {"executed_lines": [1, 5, 6, 7, 10, 11, 13, 15, 16, 18, 20, 28, 29, 30, 31, 33, 35, 36, 40, 42, 44, 46, 47, 48, 49, 51, 53, 58, 60, 65, 66, 67, 68, 70, 72, 73, 75, 77, 79, 80, 82, 84, 89, 91, 92, 94, 95, 97, 99, 101, 102, 103, 104, 106, 108, 109, 115, 117, 119, 120, 122, 124, 126, 128, 129, 131, 132, 134, 136, 138, 139, 141, 143, 144, 146, 148, 149, 151, 153, 155, 157, 187, 189, 190, 191, 192, 193, 194, 195, 196, 197, 198, 199, 200, 201, 203, 205, 210, 212, 213, 214, 215, 216, 217, 218, 219, 221, 223, 229, 231, 233, 236, 241, 244, 245], "summary": {"covered_lines": 113, "num_statements": 113, "percent_covered": 100.0, "percent_covered_display": "100", "missing_lines": 0, "excluded_lines": 0}, "missing_lines": [], "excluded_lines": [], "functions": {"TestOpenAlexConceptRetriever.test_init": {"executed_lines": [15, 16], "summary": {"covered_lines": 2, "num_statements": 2, "percent_covered": 100.0, "percent_covered_display": "100", "missing_lines": 0, "excluded_lines": 0}, "missing_lines": [], "excluded_lines": []}, "TestOpenAlexConceptRetriever.test_search_concepts_basic": {"executed_lines": [20, 28, 29, 30, 31, 33, 35, 36, 40], "summary": {"covered_lines": 9, "num_statements": 9, "percent_covered": 100.0, "percent_covered_display": "100", "missing_lines": 0, "excluded_lines": 0}, "missing_lines": [], "excluded_lines": []}, "TestOpenAlexConceptRetriever.test_search_concepts_with_level_filter": {"executed_lines": [44, 46, 47, 48, 49, 51, 53], "summary": {"covered_lines": 7, "num_statements": 7, "percent_covered": 100.0, "percent_covered_display": "100", "missing_lines": 0, "excluded_lines": 0}, "missing_lines": [], "excluded_lines": []}, "TestOpenAlexConceptRetriever.test_search_concepts_max_results_limit": {"executed_lines": [60, 65, 66, 67, 68, 70, 72, 73], "summary": {"covered_lines": 8, "num_statements": 8, "percent_covered": 100.0, "percent_covered_display": "100", "missing_lines": 0, "excluded_lines": 0}, "missing_lines": [], "excluded_lines": []}, "TestOpenAlexConceptRetriever.test_search_concepts_api_limit": {"executed_lines": [77, 79, 80, 82, 84], "summary": {"covered_lines": 5, "num_statements": 5, "percent_covered": 100.0, "percent_covered_display": "100", "missing_lines": 0, "excluded_lines": 0}, "missing_lines": [], "excluded_lines": []}, "TestOpenAlexConceptRetriever.test_search_concepts_error_handling": {"executed_lines": [91, 92, 94, 95], "summary": {"covered_lines": 4, "num_statements": 4, "percent_covered": 100.0, "percent_covered_display": "100", "missing_lines": 0, "excluded_lines": 0}, "missing_lines": [], "excluded_lines": []}, "TestOpenAlexConceptRetriever.test_get_by_openalex_id_success": {"executed_lines": [99, 101, 102, 103, 104, 106, 108, 109], "summary": {"covered_lines": 8, "num_statements": 8, "percent_covered": 100.0, "percent_covered_display": "100", "missing_lines": 0, "excluded_lines": 0}, "missing_lines": [], "excluded_lines": []}, "TestOpenAlexConceptRetriever.test_get_by_openalex_id_not_found": {"executed_lines": [117, 119, 120, 122, 124], "summary": {"covered_lines": 5, "num_statements": 5, "percent_covered": 100.0, "percent_covered_display": "100", "missing_lines": 0, "excluded_lines": 0}, "missing_lines": [], "excluded_lines": []}, "TestOpenAlexConceptRetriever.test_get_by_openalex_id_error_handling": {"executed_lines": [128, 129, 131, 132], "summary": {"covered_lines": 4, "num_statements"
[...]
12, 114, 116, 117, 119, 121, 127, 128, 130, 132, 137, 138, 140, 142, 146, 147, 149, 151, 155, 156, 158, 160, 161, 163, 165, 171, 172, 174, 176, 183, 184, 186, 188, 189, 191, 193, 199, 200, 202, 204, 215, 217, 218, 219, 220, 222, 224, 234, 236, 237, 238, 239, 241, 243, 245, 247, 248, 249, 250, 252, 255, 256, 258, 261, 262, 264, 267, 268, 270, 272, 273, 275, 277, 278, 280, 282, 283, 285, 287, 288, 289], "summary": {"covered_lines": 135, "num_statements": 135, "percent_covered": 100.0, "percent_covered_display": "100", "missing_lines": 0, "excluded_lines": 0}, "missing_lines": [], "excluded_lines": [], "functions": {"TestOpenAlexUtils.test_reconstruct_abstract_from_inverted_index_basic": {"executed_lines": [23, 30, 31], "summary": {"covered_lines": 3, "num_statements": 3, "percent_covered": 100.0, "percent_covered_display": "100", "missing_lines": 0, "excluded_lines": 0}, "missing_lines": [], "excluded_lines": []}, "TestOpenAlexUtils.test_reconstruct_abstract_from_inverted_index_complex": {"executed_lines": [35, 44, 45], "summary": {"covered_lines": 3, "num_statements": 3, "percent_covered": 100.0, "percent_covered_display": "100", "missing_lines": 0, "excluded_lines": 0}, "missing_lines": [], "excluded_lines": []}, "TestOpenAlexUtils.test_reconstruct_abstract_from_inverted_index_empty": {"executed_lines": [49, 50], "summary": {"covered_lines": 2, "num_statements": 2, "percent_covered": 100.0, "percent_covered_display": "100", "missing_lines": 0, "excluded_lines": 0}, "missing_lines": [], "excluded_lines": []}, "TestOpenAlexUtils.test_reconstruct_abstract_from_inverted_index_none": {"executed_lines": [54, 55], "summary": {"covered_lines": 2, "num_statements": 2, "percent_covered": 100.0, "percent_covered_display": "100", "missing_lines": 0, "excluded_lines": 0}, "missing_lines": [], "excluded_lines": []}, "TestOpenAlexUtils.test_clean_doi_with_https_prefix": {"executed_lines": [59, 60, 61], "summary": {"covered_lines": 3, "num_statements": 3, "percent_covered": 100.0, "percent_covered_display": "100", "missing_lines": 0, "excluded_lines": 0}, "missing_lines": [], "excluded_lines": []}, "TestOpenAlexUtils.test_clean_doi_with_http_prefix": {"executed_lines": [65, 66, 67], "summary": {"covered_lines": 3, "num_statements": 3, "percent_covered": 100.0, "percent_covered_display": "100", "missing_lines": 0, "excluded_lines": 0}, "missing_lines": [], "excluded_lines": []}, "TestOpenAlexUtils.test_clean_doi_with_doi_prefix": {"executed_lines": [71, 72, 73], "summary": {"covered_lines": 3, "num_statements": 3, "percent_covered": 100.0, "percent_covered_display": "100", "missing_lines": 0, "excluded_lines": 0}, "missing_lines": [], "excluded_lines": []}, "TestOpenAlexUtils.test_clean_doi_already_clean": {"executed_lines": [77, 78, 79], "summary": {"covered_lines": 3, "num_statements": 3, "percent_covered": 100.0, "percent_covered_display": "100", "missing_lines": 0, "excluded_lines": 0}, "missing_lines": [], "excluded_lines": []}, "TestOpenAlexUtils.test_clean_doi_empty": {"executed_lines": [83, 84], "summary": {"covered_lines": 2, "num_statements": 2, "percent_covered": 100.0, "percent_covered_display": "100", "missing_lines": 0, "excluded_lines": 0}, "missing_lines": [], "excluded_lines": []}, "TestOpenAlexUtils.test_clean_doi_none": {"executed_lines": [88, 89], "summary": {"covered_lines": 2, "num_statements": 2, "percent_covered": 100.0, "percent_covered_display": "100", "missing_lines": 0, "excluded_lines": 0}, "missing_lines": [], "excluded_lines": []}, "TestOpenAlexUtils.test_extract_openalex_id_full_url": {"executed_lines": [93, 94, 95], "summary": {"covered_lines": 3, "num_statements": 3, "percent_covered": 100.0, "percent_covered_display": "100", "missing_lines": 0, "excluded_lines": 0}, "missing_lines": [], "excluded_lines": []}, "TestOpenAlexUtils.test_extract_openalex_id_with_trailing_slash": {"executed_lines": [99, 100, 101], "summary": {"covered_lines": 3, "num_statements": 3, "percent_covered": 100.0, "percent_covered_display": "100", "missing_lines": 0, "excluded_lines": 0}, "missing_lines": [], "excluded_lines": []}, "TestOpenAlexUtils.test_extract_openalex_id_just_id": {"executed_lines": [105, 106, 107], "summary": {"covered_lines": 3, "num_statements": 3, "percent_covered": 100.0, "percent_covered_display": "100", "missing_lines": 0, "excluded_lines": 0}, "missing_lines": [], "excluded_lines": []}, "TestOpenAlexUtils.test_extract_openalex_id_empty_string": {"executed_lines": [111, 112], "summary": {"covered_lines": 2, "num_statements": 2, "percent_covered": 100.0, "percent_covered_display": "100", "missing_lines": 0, "excluded_lines": 0}, "missing_lines": [], "excluded_lines": []}, "TestOpenAlexUtils.test_extract_openalex_id_none": {"executed_lines": [116, 117], "summary": {"covered_lines": 2, "num_statements": 2, "percent_covered": 100.0, "percent_covered_display": "100", "missing_lines": 0, "excluded_lines": 0}, "missing_lines": [], "excluded_lines": []}, "TestOpenAlexUtils.test_format_author_name_with_display_name": {"executed_lines": [121, 127, 128], "summary": {"covered_lines": 3, "num_statements": 3, "percent_covered": 100.0, "percent_covered_display": "100", "missing_lines": 0, "excluded_lines": 0}, "missing_lines": [], "excluded_lines": []}, "TestOpenAlexUtils.test_format_author_name_with_first_last": {"executed_lines": [132, 137, 138], "summary": {"covered_lines": 3, "num_statements": 3, "percent_covered": 100.0, "percent_covered_display": "100", "missing_lines": 0, "excluded_lines": 0}, "missing_lines": [], "excluded_lines": []}, "TestOpenAlexUtils.test_format_author_name_only_last": {"executed_lines": [142, 146, 147], "summary": {"covered_lines": 3, "num_statements": 3, "percent_covered": 100.0, "percent_covered_display": "100", "missing_lines": 0, "excluded_lines": 0}, "missing_lines": [], "excluded_lines": []}, "TestOpenAlexUtils.test_format_author_name_only_first": {"executed_lines": [151, 155, 156], "summary": {"covered_lines": 3, "num_statements": 3, "percent_covered": 100.0, "percent_covered_display": "100", "missing_lines": 0, "excluded_lines": 0}, "missing_lines": [], "excluded_lines": []}, "TestOpenAlexUtils.test_format_author_name_empty_data": {"executed_lines": [160, 161], "summary": {"covered_lines": 2, "num_statements": 2, "percent_covered": 100.0, "percent_covered_display": "100", "missing_lines": 0, "excluded_lines": 0}, "missing_lines": [], "excluded_lines": []}, "TestOpenAlexUtils.test_extract_keywords_from_concepts_basic": {"executed_lines": [165, 171, 172], "summary": {"covered_lines": 3, "num_statements": 3, "percent_covered": 100.0, "percent_covered_display": "100", "missing_lines": 0, "excluded_lines": 0}, "missing_lines": [], "excluded_lines": []}, "TestOpenAlexUtils.test_extract_keywords_from_concepts_with_limit": {"executed_lines": [176, 183, 184], "summary": {"covered_lines": 3, "num_statements": 3, "percent_covered": 100.0, "percent_covered_display": "100", "missing_lines": 0, "excluded_lines": 0}, "missing_lines": [], "excluded_lines": []}, "TestOpenAlexUtils.test_extract_keywords_from_concepts_empty": {"executed_lines": [188, 189], "summary": {"covered_lines": 2, "num_statements": 2, "percent_covered": 100.0, "percent_covered_display": "100", "missing_lines": 0, "excluded_lines": 0}, "missing_lines": [], "excluded_lines": []}, "TestOpenAlexUtils.test_extract_keywords_from_concepts_missing_names": {"executed_lines": [193, 199, 200], "summary": {"covered_lines": 3, "num_statements": 3, "percent_covered": 100.0, "percent_covered_display": "100", "missing_lines": 0, "excluded_lines": 0}, "missing_lines": [], "excluded_lines": []}, "TestOpenAlexUtils.test_get_publication_venue_with_primary_location": {"executed_lines": [204, 215, 217, 218, 219, 220], "summary": {"covered_lines": 6, "num_statements": 6, "percent_covered": 100.0, "percent_covered_display": "100", "missing_lines": 0, "excluded_lines": 0}, "missing_lines": [], "excluded_lines": []}, "TestOpenAlexUtils.test_get_publication_venue_with_oa_fallback": {"executed_lines": [224, 234, 236, 237, 238, 239], "summary": {"covered_lines": 6, "num_statements": 6, "percent_covered": 100.0, "percent_covered_display": "100", "missing_lines": 0, "excluded_lines": 0}, "missing_lines": [], "excluded_lines": []}, "TestOpenAlexUtils.test_get_publication_venue_empty_data": {"executed_lines": [243, 245, 247, 248, 249, 250], "summary": {"covered_lines": 6, "num_statements": 6, "percent_covered": 100.0, "percent_covered_display": "100", "missing_lines": 0, "excluded_lines": 0}, "missing_lines": [], "excluded_lines": []}, "TestOpenAlexUtils.test_calculate_citation_percentile_recent_paper": {"executed_lines": [255, 256], "summary": {"covered_lines": 2, "num_statements": 2, "percent_covered": 100.0, "percent_covered_display": "100", "missing_lines": 0, "excluded_lines": 0}, "missing_lines": [], "excluded_lines": []}, "TestOpenAlexUtils.test_calculate_citation_percentile_older_paper": {"executed_lines": [261, 262], "summary": {"covered_lines": 2, "num_statements": 2, "percent_covered": 100.0, "percent_covered_display": "100", "missing_lines": 0, "excluded_lines": 0}, "missing_lines": [], "excluded_lines": []}, "TestOpenAlexUtils.test_calculate_citation_percentile_low_citations": {"executed_lines": [267, 268], "summary": {"covered_lines": 2, "num_statements": 2, "percent_covered": 100.0, "percent_covered_display": "100", "missing_lines": 0, "excluded_lines": 0}, "missing_lines": [], "excluded_lines": []}, "TestOpenAlexUtils.test_calculate_citation_percentile_no_citations": {"executed_lines": [272, 273], "summary": {"covered_lines": 2, "num_statements": 2, "percent_covered": 100.0, "percent_covered_display": "100", "missing_lines": 0, "excluded_lines": 0}, "missing_lines": [], "excluded_lines": []}, "TestOpenAlexUtils.test_calculate_citation_percentile_invalid_year": {"executed_lines": [277, 278], "summary": {"covered_lines": 2, "num_statements": 2, "percent_covered": 100.0, "percent_covered_display": "100", "missing_lines": 0, "excluded_lines": 0}, "missing_lines": [], "excluded_lines": []}, "TestOpenAlexUtils.test_calculate_citation_percentile_no_year": {"executed_lines": [282, 283], "summary": {"covered_lines": 2, "num_statements": 2, "percent_covered": 100.0, "percent_covered_display": "100", "missing_lines": 0, "excluded_lines": 0}, "missing_lines": [], "excluded_lines": []}, "TestOpenAlexUtils.test_calculate_citation_percentile_default_current_year": {"executed_lines": [287, 288, 289], "summary": {"covered_lines": 3, "num_statements": 3, "percent_covered": 100.0, "percent_covered_display": "100", "missing_lines": 0, "excluded_lines": 0}, "missing_lines": [], "excluded_lines": []}, "": {"executed_lines": [1, 5, 6, 7, 18, 19, 21, 33, 47, 52, 57, 63, 69, 75, 81, 86, 91, 97, 103, 109, 114, 119, 130, 140, 149, 158, 163, 174, 186, 191, 202, 222, 241, 252, 258, 264, 270, 275, 280, 285], "summary": {"covered_lines": 38, "num_statements": 38, "percent_covered": 100.0, "percent_covered_display": "100", "missing_lines": 0, "excluded_lines": 0}, "missing_lines": [], "excluded_lines": []}}, "classes": {"TestOpenAlexUtils": {"executed_lines": [23, 30, 31, 35, 44, 45, 49, 50, 54, 55, 59, 60, 61, 65, 66, 67, 71, 72, 73, 77, 78, 79, 83, 84, 88, 89, 93, 94, 95, 99, 100, 101, 105, 106, 107, 111, 112, 116, 117, 121, 127, 128, 132, 137, 138, 142, 146, 147, 151, 155, 156, 160, 161, 165, 171, 172, 176, 183, 184, 188, 189, 193, 199, 200, 204, 215, 217, 218, 219, 220, 224, 234, 236, 237, 238, 239, 243, 245, 247, 248, 249, 250, 255, 256, 261, 262, 267, 268, 272, 273, 277, 278, 282, 283, 287, 288, 289], "summary": {"covered_lines": 97, "num_statements": 97, "percent_covered": 100.0, "percent_covered_display": "100", "missing_lines": 0, "excluded_lines": 0}, "missing_lines": [], "excluded_lines": []}, "": {"executed_lines": [1, 5, 6, 7, 18, 19, 21, 33, 47, 52, 57, 63, 69, 75, 81, 86, 91, 97, 103, 109, 114, 119, 130, 140, 149, 158, 163, 174, 186, 191, 202, 222, 241, 252, 258, 264, 270, 275, 280, 285], "summary": {"covered_lines": 38, "num_statements": 38, "percent_covered": 100.0, "percent_covered_display": "100", "missing_lines": 0, "excluded_lines": 0}, "missing_lines": [], "excluded_lines": []}}}, "tests/unit/test_publication_retriever_fixed.py": {"executed_lines": [1, 5, 6, 7, 10, 11, 13, 15, 16, 18, 20, 21, 23, 25, 26, 32, 34, 35, 37, 44, 50, 52, 53, 55, 60, 66, 68, 69, 71, 76, 82, 85, 90, 91, 92, 93, 95, 97, 98, 100, 102, 103, 106, 108, 114, 116, 117, 119, 120, 122, 124, 125, 126, 127, 129, 131, 132, 133, 135, 137, 138, 140, 142, 144, 146, 147, 149, 150, 152, 154, 156, 157, 158, 159, 161, 163, 164, 165, 167, 169, 171, 172, 174, 176, 178, 180, 181, 183, 184, 186, 188, 248, 250, 251, 252, 253, 254, 255, 256, 257, 258, 259, 260, 261, 262, 263, 264, 266, 268, 273, 275, 276, 277, 278, 279, 280, 282, 285, 290, 293, 294, 295], "summary": {"covered_lines": 120, "num_statements": 120, "percent_covered": 100.0, "percent_covered_display": "100", "missing_lines": 0, "excluded_lines": 0}, "missing_lines": [], "excluded_lines": [], "functions": {"TestOpenAlexPublicationRetriever.test_init": {"executed_lines": [15, 16], "summary": {"covered_lines": 2, "num_statements": 2, "percent_covered": 100.0, "percent_covered_display": "100", "missing_lines": 0, "excluded_lines": 0}, "missing_lines": [], "excluded_lines": []}, "TestOpenAlexPublicationRetriever.test_search_publications_basic": {"executed_lines": [20, 21, 23, 25, 26], "summary": {"covered_lines": 5, "num_statements": 5, "percent_covered": 100.0, "percent_covered_display": "100", "missing_lines": 0, "excluded_lines": 0}, "missing_lines": [], "excluded_lines": []}, "TestOpenAlexPublicationRetriever.test_search_publications_with_year_range": {"executed_lines": [34, 35, 37, 44], "summary": {"covered_lines": 4, "num_statements": 4, "percent_covered": 100.0, "percent_covered_display": "100", "missing_lines": 0, "excluded_lines": 0}, "missing_lines": [], "excluded_lines": []}, "TestOpenAlexPublicationRetriever.test_search_publications_with_start_year_only": {"executed_lines": [52, 53, 55, 60], "summary": {"covered_lines": 4, "num_statements": 4, "percent_covered": 100.0, "percent_covered_display": "100", "missing_lines": 0, "excluded_lines": 0}, "missing_lines": [], "excluded_lines": []}, "TestOpenAlexPublicationRetriever.test_search_publications_with_end_year_only": {"executed_lines": [68, 69, 71, 76], "summary": {"covered_lines": 4, "num_statements": 4, "percent_covered": 100.0, "percent_covered_display": "100", "missing_lines": 0, "excluded_lines": 0}, "missing_lines": [], "excluded_lines": []}, "TestOpenAlexPublicationRetriever.test_search_publications_max_results_limit": {"executed_lines": [85, 90, 91, 92, 93, 95, 97, 98], "summary": {"covered_lines": 8, "num_statements": 8, "percent_covered": 100.0, "percent_covered_display": "100", "missing_lines": 0, "excluded_lines": 0}, "missing_lines": [], "excluded_lines": []}, "TestOpenAlexPublicationRetriever.test_search_publications_api_limit": {"executed_lines": [102, 103, 106, 108], "summary": {"covered_lines": 4, "num_statements": 4, "percent_covered": 100.0, "percent_covered_display": "100", "missing_lines": 0, "excluded_lines": 0}, "missing_lines": [], "excluded_lines": []}, "TestOpenAlexPublicationRetriever.test_search_publications_error_handling": {"executed_lines": [116, 117, 119, 120], "summary": {"covered_lines": 4, "num_statements": 4, "percent_covered": 100.0, "percent_covered_display": "100", "missing_lines": 0, "excluded_lines": 0}, "missing_lines": [], "excluded_lines": []}, "TestOpenAlexPublicationRetriever.test_get_by_doi_success": {"executed_lines": [124, 125, 126, 127, 129, 131, 132, 133], "summary": {"covered_lines": 8, "num_statements": 8, "percent_covered": 100.0, "percent_covered_display": "100", "missing_lines": 0, "excluded_lines": 0}, "missing_lines": [], "excluded_lines": []}, "TestOpenAlexPublicationRetriever.test_get_by_doi_not_found": {"executed_lines": [137, 138, 140, 142], "summary": {"covered_lines": 4, "num_statements": 4, "percent_covered": 100.0, "percent_covered_display": "100", "missing_lines": 0, "excluded_lines": 0}, "missing_lines": [], "excluded_lines": []}, "TestOpenAlexPublicationRetriever.test_get_by_doi_error_handling": {"executed_lines": [146, 147, 149, 150], "summary": {"covered_lines": 4, "num_statements": 4, "percent_covered": 100.0, "percent_covered_display": "100", "missing_lines": 0, "excluded_lines": 0}, "missing_lines": [], "excluded_lines": []}, "TestOpenAlexPublicationRetriever.test_get_by_openalex_id_success": {"executed_lines": [154, 156, 157, 158, 159, 161, 163, 164, 165], "summary": {"covered_lines": 9, "num_statements": 9, "percent_covered": 100.0, "percent_covered_display": "100", "missing_lines": 0, "excluded_lines": 0}, "missing_lines": [], "excluded_lines": []}, "TestOpenAlexPublicationRetriever.test_get_by_openalex_id_not_found": {"executed_lines": [169, 171, 172, 174, 176], "summary": {"covered_lines": 5, "num_statements": 5, "percent_covered": 100.0, "percent_covered_display": "100", "missing_lines": 0, "excluded_lines": 0}, "missing_lines": [], "excluded_lines": []}, "TestOpenAlexPublicationRetriever.test_get_by_openalex_id_error_handling": {"executed_lines": [180, 181, 183, 184], "summary": {"covered_lines": 4, "num_statements": 4, "percent_covered": 100.0, "percent_covered_display": "100", "missing_lines": 0, "excluded_lines": 0}, "missing_lines": [], "excluded_lines": []}, "TestOpenAlexPublicationRetriever.test_process_work_data_complete": {"executed_lines": [188, 248, 250, 251, 252, 253, 254, 255, 256, 257, 258, 259, 260, 261, 262, 263, 264], "summary": {"covered_lines": 17, "num_statements": 17, "percent_covered": 100.0, "percent_covered_display": "100", "missing_lines": 0, "excluded_lines": 0}, "missing_lines": [], "excluded_lines": []}, "TestOpenAlexPublicationRetriever.test_process_work_data_minimal": {"executed_lines": [268, 273, 275, 276, 277, 278, 279, 280], "summary": {"covered_lines": 8, "num_statements": 8, "percent_covered": 100.0, "percent_covered_display": "100", "missing_lines": 0, "excluded_lines": 0}, "missing_lines": [], "excluded_lines": []}, "TestOpenAlexPublicationRetriever.test_process_work_data_error_handling": {"executed_lines": [285, 290, 293, 294, 295], "summary": {"covered_lines": 5, "num_statements": 5, "percent_covered": 100.0, "percent_covered_display": "100", "missing_lines": 0, "excluded_lines": 0}, "missing_lines": [], "excluded_lines": []}, "": {"executed_lines": [1, 5, 6, 7, 10, 11, 13, 18, 32, 50, 66, 82, 100, 114, 122, 135, 144, 152, 167, 178, 186, 266, 282], "summary": {"covered_lines": 21, "num_statements": 21, "percent_covered": 100.0, "percent_covered_display": "100", "missing_lines": 0, "excluded_lines": 0}, "missing_lines": [], "excluded_lines": []}}, "classes": {"TestOpenAlexPublicationRetriever": {"executed_lines": [15, 16, 20, 21, 23, 25, 26, 34, 35, 37, 44, 52, 53, 55, 60, 68, 69, 71, 76, 85, 90, 91, 92, 93, 95, 97, 98, 102, 103, 106, 108, 116, 117, 119, 120, 124, 125, 126, 127, 129, 131, 132, 133, 137, 138, 140, 142, 146, 147, 149, 150, 154, 156, 157, 158, 159, 161, 163, 164, 165, 169, 171, 172, 174, 176, 180, 181, 183, 184, 188, 248, 250, 251, 252, 253, 254, 255, 256, 257, 258, 259, 260, 261, 262, 263, 264, 268, 273, 275, 276, 277, 278, 279, 280, 285, 290, 293, 294, 295], "summary": {"covered_lines": 99, "num_statements": 99, "percent_covered": 100.0, "percent_covered_display": "100", "missing_lines": 0, "excluded_lines": 0}, "missing_lines": [], "excluded_lines": []}, "": {"executed_lines": [1, 5, 6, 7, 10, 11, 13, 18, 32, 50, 66, 82, 100, 114, 122, 135, 144, 152, 167, 178, 186, 266, 282], "summary": {"covered_lines": 21, "num_statements": 21, "percent_covered": 100.0, "percent_covered_display": "100", "missing_lines": 0, "excluded_lines": 0}, "missing_lines": [], "excluded_lines": []}}}}, "totals": {"covered_lines": 1786, "num_statements": 1889, "percent_covered": 94.54737956590789, "percent_covered_display": "95", "missing_lines": 103, "excluded_lines": 0}}